# JRE version: Java(TM) SE Runtime Environment (8.0_221-b11) (build 1.8.0_221-b11)
# Java VM: Java HotSpot(TM) 64-Bit Server VM (25.221-b11 mixed mode windows-amd64 compressed oops)
Heap:
 PSYoungGen      total 313344K, used 33339K [0x000000076b400000, 0x0000000783900000, 0x00000007c0000000)
  eden space 287744K, 10% used [0x000000076b400000,0x000000076d0b6160,0x000000077cd00000)
  from space 25600K, 15% used [0x000000077e700000,0x000000077ead8b48,0x0000000780000000)
  to   space 26624K, 0% used [0x000000077cd00000,0x000000077cd00000,0x000000077e700000)
 ParOldGen       total 137728K, used 29317K [0x00000006c1c00000, 0x00000006ca280000, 0x000000076b400000)
  object space 137728K, 21% used [0x00000006c1c00000,0x00000006c38a16b0,0x00000006ca280000)
 Metaspace       used 34492K, capacity 34850K, committed 35120K, reserved 1079296K
  class space    used 5204K, capacity 5305K, committed 5424K, reserved 1048576K
GC Heap History (10 events):
Event: 4.194 GC heap before
{Heap before GC invocations=5 (full 0):
 PSYoungGen      total 141824K, used 119920K [0x000000076b400000, 0x0000000774900000, 0x00000007c0000000)
  eden space 131072K, 83% used [0x000000076b400000,0x0000000771e9e3b8,0x0000000773400000)
  from space 10752K, 99% used [0x0000000773e80000,0x00000007748fdec0,0x0000000774900000)
  to   space 10752K, 0% used [0x0000000773400000,0x0000000773400000,0x0000000773e80000)
 ParOldGen       total 175104K, used 26037K [0x00000006c1c00000, 0x00000006cc700000, 0x000000076b400000)
  object space 175104K, 14% used [0x00000006c1c00000,0x00000006c356d750,0x00000006cc700000)
 Metaspace       used 20961K, capacity 21200K, committed 21296K, reserved 1067008K
  class space    used 2980K, capacity 3080K, committed 3120K, reserved 1048576K
Event: 4.204 GC heap after
Heap after GC invocations=5 (full 0):
 PSYoungGen      total 141824K, used 10735K [0x000000076b400000, 0x000000077e300000, 0x00000007c0000000)
  eden space 131072K, 0% used [0x000000076b400000,0x000000076b400000,0x0000000773400000)
  from space 10752K, 99% used [0x0000000773400000,0x0000000773e7bd28,0x0000000773e80000)
  to   space 24064K, 0% used [0x000000077cb80000,0x000000077cb80000,0x000000077e300000)
 ParOldGen       total 175104K, used 31188K [0x00000006c1c00000, 0x00000006cc700000, 0x000000076b400000)
  object space 175104K, 17% used [0x00000006c1c00000,0x00000006c3a75248,0x00000006cc700000)
 Metaspace       used 20961K, capacity 21200K, committed 21296K, reserved 1067008K
  class space    used 2980K, capacity 3080K, committed 3120K, reserved 1048576K
}
Event: 4.204 GC heap before
{Heap before GC invocations=6 (full 1):
 PSYoungGen      total 141824K, used 10735K [0x000000076b400000, 0x000000077e300000, 0x00000007c0000000)
  eden space 131072K, 0% used [0x000000076b400000,0x000000076b400000,0x0000000773400000)
  from space 10752K, 99% used [0x0000000773400000,0x0000000773e7bd28,0x0000000773e80000)
  to   space 24064K, 0% used [0x000000077cb80000,0x000000077cb80000,0x000000077e300000)
 ParOldGen       total 175104K, used 31188K [0x00000006c1c00000, 0x00000006cc700000, 0x000000076b400000)
  object space 175104K, 17% used [0x00000006c1c00000,0x00000006c3a75248,0x00000006cc700000)
 Metaspace       used 20961K, capacity 21200K, committed 21296K, reserved 1067008K
  class space    used 2980K, capacity 3080K, committed 3120K, reserved 1048576K
Event: 4.252 GC heap after
Heap after GC invocations=6 (full 1):
 PSYoungGen      total 141824K, used 0K [0x000000076b400000, 0x000000077e300000, 0x00000007c0000000)
  eden space 131072K, 0% used [0x000000076b400000,0x000000076b400000,0x0000000773400000)
  from space 10752K, 0% used [0x0000000773400000,0x0000000773400000,0x0000000773e80000)
  to   space 24064K, 0% used [0x000000077cb80000,0x000000077cb80000,0x000000077e300000)
 ParOldGen       total 137728K, used 29293K [0x00000006c1c00000, 0x00000006ca280000, 0x000000076b400000)
  object space 137728K, 21% used [0x00000006c1c00000,0x00000006c389b6b0,0x00000006ca280000)
 Metaspace       used 20961K, capacity 21200K, committed 21296K, reserved 1067008K
  class space    used 2980K, capacity 3080K, committed 3120K, reserved 1048576K
}
Event: 5.135 GC heap before
{Heap before GC invocations=7 (full 1):
 PSYoungGen      total 141824K, used 131072K [0x000000076b400000, 0x000000077e300000, 0x00000007c0000000)
  eden space 131072K, 100% used [0x000000076b400000,0x0000000773400000,0x0000000773400000)
  from space 10752K, 0% used [0x0000000773400000,0x0000000773400000,0x0000000773e80000)
  to   space 24064K, 0% used [0x000000077cb80000,0x000000077cb80000,0x000000077e300000)
 ParOldGen       total 137728K, used 29293K [0x00000006c1c00000, 0x00000006ca280000, 0x000000076b400000)
  object space 137728K, 21% used [0x00000006c1c00000,0x00000006c389b6b0,0x00000006ca280000)
 Metaspace       used 26152K, capacity 26558K, committed 26672K, reserved 1071104K
  class space    used 3985K, capacity 4119K, committed 4144K, reserved 1048576K
Event: 5.140 GC heap after
Heap after GC invocations=7 (full 1):
 PSYoungGen      total 203264K, used 5738K [0x000000076b400000, 0x000000077d180000, 0x00000007c0000000)
  eden space 197120K, 0% used [0x000000076b400000,0x000000076b400000,0x0000000777480000)
  from space 6144K, 93% used [0x000000077cb80000,0x000000077d11aa68,0x000000077d180000)
  to   space 25600K, 0% used [0x0000000779f80000,0x0000000779f80000,0x000000077b880000)
 ParOldGen       total 137728K, used 29301K [0x00000006c1c00000, 0x00000006ca280000, 0x000000076b400000)
  object space 137728K, 21% used [0x00000006c1c00000,0x00000006c389d6b0,0x00000006ca280000)
 Metaspace       used 26152K, capacity 26558K, committed 26672K, reserved 1071104K
  class space    used 3985K, capacity 4119K, committed 4144K, reserved 1048576K
}
Event: 6.388 GC heap before
{Heap before GC invocations=8 (full 1):
 PSYoungGen      total 203264K, used 202858K [0x000000076b400000, 0x000000077d180000, 0x00000007c0000000)
  eden space 197120K, 100% used [0x000000076b400000,0x0000000777480000,0x0000000777480000)
  from space 6144K, 93% used [0x000000077cb80000,0x000000077d11aa68,0x000000077d180000)
  to   space 25600K, 0% used [0x0000000779f80000,0x0000000779f80000,0x000000077b880000)
 ParOldGen       total 137728K, used 29301K [0x00000006c1c00000, 0x00000006ca280000, 0x000000076b400000)
  object space 137728K, 21% used [0x00000006c1c00000,0x00000006c389d6b0,0x00000006ca280000)
 Metaspace       used 32755K, capacity 33122K, committed 33328K, reserved 1077248K
  class space    used 5005K, capacity 5113K, committed 5168K, reserved 1048576K
Event: 6.394 GC heap after
Heap after GC invocations=8 (full 1):
 PSYoungGen      total 266752K, used 8449K [0x000000076b400000, 0x0000000780000000, 0x00000007c0000000)
  eden space 241152K, 0% used [0x000000076b400000,0x000000076b400000,0x0000000779f80000)
  from space 25600K, 33% used [0x0000000779f80000,0x000000077a7c0508,0x000000077b880000)
  to   space 25600K, 0% used [0x000000077e700000,0x000000077e700000,0x0000000780000000)
 ParOldGen       total 137728K, used 29309K [0x00000006c1c00000, 0x00000006ca280000, 0x000000076b400000)
  object space 137728K, 21% used [0x00000006c1c00000,0x00000006c389f6b0,0x00000006ca280000)
 Metaspace       used 32755K, capacity 33122K, committed 33328K, reserved 1077248K
  class space    used 5005K, capacity 5113K, committed 5168K, reserved 1048576K
}
Event: 7.552 GC heap before
{Heap before GC invocations=9 (full 1):
 PSYoungGen      total 266752K, used 249601K [0x000000076b400000, 0x0000000780000000, 0x00000007c0000000)
  eden space 241152K, 100% used [0x000000076b400000,0x0000000779f80000,0x0000000779f80000)
  from space 25600K, 33% used [0x0000000779f80000,0x000000077a7c0508,0x000000077b880000)
  to   space 25600K, 0% used [0x000000077e700000,0x000000077e700000,0x0000000780000000)
 ParOldGen       total 137728K, used 29309K [0x00000006c1c00000, 0x00000006ca280000, 0x000000076b400000)
  object space 137728K, 21% used [0x00000006c1c00000,0x00000006c389f6b0,0x00000006ca280000)
 Metaspace       used 34439K, capacity 34786K, committed 35120K, reserved 1079296K
  class space    used 5200K, capacity 5305K, committed 5424K, reserved 1048576K
Event: 7.558 GC heap after
Heap after GC invocations=9 (full 1):
 PSYoungGen      total 313344K, used 3938K [0x000000076b400000, 0x0000000783900000, 0x00000007c0000000)
  eden space 287744K, 0% used [0x000000076b400000,0x000000076b400000,0x000000077cd00000)
  from space 25600K, 15% used [0x000000077e700000,0x000000077ead8b48,0x0000000780000000)
  to   space 26624K, 0% used [0x000000077cd00000,0x000000077cd00000,0x000000077e700000)
 ParOldGen       total 137728K, used 29317K [0x00000006c1c00000, 0x00000006ca280000, 0x000000076b400000)
  object space 137728K, 21% used [0x00000006c1c00000,0x00000006c38a16b0,0x00000006ca280000)
 Metaspace       used 34439K, capacity 34786K, committed 35120K, reserved 1079296K
  class space    used 5200K, capacity 5305K, committed 5424K, reserved 1048576K
}

