# JRE version: Java(TM) SE Runtime Environment (8.0_161-b12) (build 1.8.0_161-b12)
# Java VM: Java HotSpot(TM) 64-Bit Server VM (25.161-b12 mixed mode windows-amd64 compressed oops)
Heap:
 PSYoungGen      total 339456K, used 13455K [0x000000076b400000, 0x0000000784400000, 0x00000007c0000000)
  eden space 313856K, 4% used [0x000000076b400000,0x000000076c123f48,0x000000077e680000)
  from space 25600K, 0% used [0x000000077ff80000,0x000000077ff80000,0x0000000781880000)
  to   space 25600K, 0% used [0x000000077e680000,0x000000077e680000,0x000000077ff80000)
 ParOldGen       total 190976K, used 28954K [0x00000006c1c00000, 0x00000006cd680000, 0x000000076b400000)
  object space 190976K, 15% used [0x00000006c1c00000,0x00000006c3846b30,0x00000006cd680000)
 Metaspace       used 34966K, capacity 35318K, committed 35672K, reserved 1079296K
  class space    used 5228K, capacity 5337K, committed 5376K, reserved 1048576K
GC Heap History (10 events):
Event: 6.592 GC heap before
{Heap before GC invocations=6 (full 1):
 PSYoungGen      total 141824K, used 9052K [0x000000076b400000, 0x000000077e900000, 0x00000007c0000000)
  eden space 131072K, 0% used [0x000000076b400000,0x000000076b400000,0x0000000773400000)
  from space 10752K, 84% used [0x0000000773400000,0x0000000773cd71c0,0x0000000773e80000)
  to   space 27136K, 0% used [0x000000077ce80000,0x000000077ce80000,0x000000077e900000)
 ParOldGen       total 175104K, used 24321K [0x00000006c1c00000, 0x00000006cc700000, 0x000000076b400000)
  object space 175104K, 13% used [0x00000006c1c00000,0x00000006c33c06d8,0x00000006cc700000)
 Metaspace       used 21021K, capacity 21220K, committed 21248K, reserved 1067008K
  class space    used 2964K, capacity 3048K, committed 3072K, reserved 1048576K
Event: 6.646 GC heap after
Heap after GC invocations=6 (full 1):
 PSYoungGen      total 141824K, used 0K [0x000000076b400000, 0x000000077e900000, 0x00000007c0000000)
  eden space 131072K, 0% used [0x000000076b400000,0x000000076b400000,0x0000000773400000)
  from space 10752K, 0% used [0x0000000773400000,0x0000000773400000,0x0000000773e80000)
  to   space 27136K, 0% used [0x000000077ce80000,0x000000077ce80000,0x000000077e900000)
 ParOldGen       total 136192K, used 29547K [0x00000006c1c00000, 0x00000006ca100000, 0x000000076b400000)
  object space 136192K, 21% used [0x00000006c1c00000,0x00000006c38daeb0,0x00000006ca100000)
 Metaspace       used 21021K, capacity 21220K, committed 21248K, reserved 1067008K
  class space    used 2964K, capacity 3048K, committed 3072K, reserved 1048576K
}
Event: 7.427 GC heap before
{Heap before GC invocations=7 (full 1):
 PSYoungGen      total 141824K, used 131072K [0x000000076b400000, 0x000000077e900000, 0x00000007c0000000)
  eden space 131072K, 100% used [0x000000076b400000,0x0000000773400000,0x0000000773400000)
  from space 10752K, 0% used [0x0000000773400000,0x0000000773400000,0x0000000773e80000)
  to   space 27136K, 0% used [0x000000077ce80000,0x000000077ce80000,0x000000077e900000)
 ParOldGen       total 136192K, used 29547K [0x00000006c1c00000, 0x00000006ca100000, 0x000000076b400000)
  object space 136192K, 21% used [0x00000006c1c00000,0x00000006c38daeb0,0x00000006ca100000)
 Metaspace       used 26338K, capacity 26706K, committed 26880K, reserved 1073152K
  class space    used 3989K, capacity 4087K, committed 4096K, reserved 1048576K
Event: 7.431 GC heap after
Heap after GC invocations=7 (full 1):
 PSYoungGen      total 211968K, used 5871K [0x000000076b400000, 0x000000077d480000, 0x00000007c0000000)
  eden space 205824K, 0% used [0x000000076b400000,0x000000076b400000,0x0000000777d00000)
  from space 6144K, 95% used [0x000000077ce80000,0x000000077d43bc30,0x000000077d480000)
  to   space 26624K, 0% used [0x000000077a080000,0x000000077a080000,0x000000077ba80000)
 ParOldGen       total 136192K, used 29555K [0x00000006c1c00000, 0x00000006ca100000, 0x000000076b400000)
  object space 136192K, 21% used [0x00000006c1c00000,0x00000006c38dceb0,0x00000006ca100000)
 Metaspace       used 26338K, capacity 26706K, committed 26880K, reserved 1073152K
  class space    used 3989K, capacity 4087K, committed 4096K, reserved 1048576K
}
Event: 8.810 GC heap before
{Heap before GC invocations=8 (full 1):
 PSYoungGen      total 211968K, used 211695K [0x000000076b400000, 0x000000077d480000, 0x00000007c0000000)
  eden space 205824K, 100% used [0x000000076b400000,0x0000000777d00000,0x0000000777d00000)
  from space 6144K, 95% used [0x000000077ce80000,0x000000077d43bc30,0x000000077d480000)
  to   space 26624K, 0% used [0x000000077a080000,0x000000077a080000,0x000000077ba80000)
 ParOldGen       total 136192K, used 29555K [0x00000006c1c00000, 0x00000006ca100000, 0x000000076b400000)
  object space 136192K, 21% used [0x00000006c1c00000,0x00000006c38dceb0,0x00000006ca100000)
 Metaspace       used 32893K, capacity 33238K, committed 33536K, reserved 1077248K
  class space    used 5001K, capacity 5113K, committed 5120K, reserved 1048576K
Event: 8.816 GC heap after
Heap after GC invocations=8 (full 1):
 PSYoungGen      total 268800K, used 8503K [0x000000076b400000, 0x0000000781880000, 0x00000007c0000000)
  eden space 242176K, 0% used [0x000000076b400000,0x000000076b400000,0x000000077a080000)
  from space 26624K, 31% used [0x000000077a080000,0x000000077a8cdd80,0x000000077ba80000)
  to   space 25600K, 0% used [0x000000077ff80000,0x000000077ff80000,0x0000000781880000)
 ParOldGen       total 136192K, used 29563K [0x00000006c1c00000, 0x00000006ca100000, 0x000000076b400000)
  object space 136192K, 21% used [0x00000006c1c00000,0x00000006c38deeb0,0x00000006ca100000)
 Metaspace       used 32893K, capacity 33238K, committed 33536K, reserved 1077248K
  class space    used 5001K, capacity 5113K, committed 5120K, reserved 1048576K
}
Event: 9.819 GC heap before
{Heap before GC invocations=9 (full 1):
 PSYoungGen      total 268800K, used 243967K [0x000000076b400000, 0x0000000781880000, 0x00000007c0000000)
  eden space 242176K, 97% used [0x000000076b400000,0x00000007799f1fd8,0x000000077a080000)
  from space 26624K, 31% used [0x000000077a080000,0x000000077a8cdd80,0x000000077ba80000)
  to   space 25600K, 0% used [0x000000077ff80000,0x000000077ff80000,0x0000000781880000)
 ParOldGen       total 136192K, used 29563K [0x00000006c1c00000, 0x00000006ca100000, 0x000000076b400000)
  object space 136192K, 21% used [0x00000006c1c00000,0x00000006c38deeb0,0x00000006ca100000)
 Metaspace       used 34909K, capacity 35254K, committed 35416K, reserved 1079296K
  class space    used 5217K, capacity 5337K, committed 5376K, reserved 1048576K
Event: 9.822 GC heap after
Heap after GC invocations=9 (full 1):
 PSYoungGen      total 339456K, used 4316K [0x000000076b400000, 0x0000000784400000, 0x00000007c0000000)
  eden space 313856K, 0% used [0x000000076b400000,0x000000076b400000,0x000000077e680000)
  from space 25600K, 16% used [0x000000077ff80000,0x00000007803b72a0,0x0000000781880000)
  to   space 25600K, 0% used [0x000000077e680000,0x000000077e680000,0x000000077ff80000)
 ParOldGen       total 136192K, used 29571K [0x00000006c1c00000, 0x00000006ca100000, 0x000000076b400000)
  object space 136192K, 21% used [0x00000006c1c00000,0x00000006c38e0eb0,0x00000006ca100000)
 Metaspace       used 34909K, capacity 35254K, committed 35416K, reserved 1079296K
  class space    used 5217K, capacity 5337K, committed 5376K, reserved 1048576K
}
Event: 9.822 GC heap before
{Heap before GC invocations=10 (full 2):
 PSYoungGen      total 339456K, used 4316K [0x000000076b400000, 0x0000000784400000, 0x00000007c0000000)
  eden space 313856K, 0% used [0x000000076b400000,0x000000076b400000,0x000000077e680000)
  from space 25600K, 16% used [0x000000077ff80000,0x00000007803b72a0,0x0000000781880000)
  to   space 25600K, 0% used [0x000000077e680000,0x000000077e680000,0x000000077ff80000)
 ParOldGen       total 136192K, used 29571K [0x00000006c1c00000, 0x00000006ca100000, 0x000000076b400000)
  object space 136192K, 21% used [0x00000006c1c00000,0x00000006c38e0eb0,0x00000006ca100000)
 Metaspace       used 34909K, capacity 35254K, committed 35416K, reserved 1079296K
  class space    used 5217K, capacity 5337K, committed 5376K, reserved 1048576K
Event: 9.874 GC heap after
Heap after GC invocations=10 (full 2):
 PSYoungGen      total 339456K, used 0K [0x000000076b400000, 0x0000000784400000, 0x00000007c0000000)
  eden space 313856K, 0% used [0x000000076b400000,0x000000076b400000,0x000000077e680000)
  from space 25600K, 0% used [0x000000077ff80000,0x000000077ff80000,0x0000000781880000)
  to   space 25600K, 0% used [0x000000077e680000,0x000000077e680000,0x000000077ff80000)
 ParOldGen       total 190976K, used 28954K [0x00000006c1c00000, 0x00000006cd680000, 0x000000076b400000)
  object space 190976K, 15% used [0x00000006c1c00000,0x00000006c3846b30,0x00000006cd680000)
 Metaspace       used 34909K, capacity 35254K, committed 35416K, reserved 1079296K
  class space    used 5217K, capacity 5337K, committed 5376K, reserved 1048576K
}

