# JRE version: Java(TM) SE Runtime Environment (8.0_161-b12) (build 1.8.0_161-b12)
# Java VM: Java HotSpot(TM) 64-Bit Server VM (25.161-b12 mixed mode windows-amd64 compressed oops)
Heap:
 PSYoungGen      total 531968K, used 452704K [0x000000076b400000, 0x0000000797200000, 0x00000007c0000000)
  eden space 506368K, 89% used [0x000000076b400000,0x0000000786e18168,0x000000078a280000)
  from space 25600K, 0% used [0x000000078a280000,0x000000078a280000,0x000000078bb80000)
  to   space 25088K, 0% used [0x0000000795980000,0x0000000795980000,0x0000000797200000)
 ParOldGen       total 153600K, used 32152K [0x00000006c1c00000, 0x00000006cb200000, 0x000000076b400000)
  object space 153600K, 20% used [0x00000006c1c00000,0x00000006c3b66160,0x00000006cb200000)
 Metaspace       used 39894K, capacity 40244K, committed 40320K, reserved 1083392K
  class space    used 5378K, capacity 5498K, committed 5504K, reserved 1048576K
GC Heap History (10 events):
Event: 4.597 GC heap before
{Heap before GC invocations=7 (full 0):
 PSYoungGen      total 287232K, used 31056K [0x000000076b400000, 0x000000077e600000, 0x00000007c0000000)
  eden space 262144K, 7% used [0x000000076b400000,0x000000076c61c7b0,0x000000077b400000)
  from space 25088K, 49% used [0x000000077cd80000,0x000000077d9b78c8,0x000000077e600000)
  to   space 25600K, 0% used [0x000000077b400000,0x000000077b400000,0x000000077cd00000)
 ParOldGen       total 175104K, used 31482K [0x00000006c1c00000, 0x00000006cc700000, 0x000000076b400000)
  object space 175104K, 17% used [0x00000006c1c00000,0x00000006c3abe848,0x00000006cc700000)
 Metaspace       used 21019K, capacity 21184K, committed 21296K, reserved 1067008K
  class space    used 2825K, capacity 2920K, committed 2944K, reserved 1048576K
Event: 4.604 GC heap after
Heap after GC invocations=7 (full 0):
 PSYoungGen      total 287744K, used 9028K [0x000000076b400000, 0x000000078e600000, 0x00000007c0000000)
  eden space 262144K, 0% used [0x000000076b400000,0x000000076b400000,0x000000077b400000)
  from space 25600K, 35% used [0x000000077b400000,0x000000077bcd1190,0x000000077cd00000)
  to   space 25600K, 0% used [0x000000078cd00000,0x000000078cd00000,0x000000078e600000)
 ParOldGen       total 175104K, used 33788K [0x00000006c1c00000, 0x00000006cc700000, 0x000000076b400000)
  object space 175104K, 19% used [0x00000006c1c00000,0x00000006c3cff358,0x00000006cc700000)
 Metaspace       used 21019K, capacity 21184K, committed 21296K, reserved 1067008K
  class space    used 2825K, capacity 2920K, committed 2944K, reserved 1048576K
}
Event: 4.604 GC heap before
{Heap before GC invocations=8 (full 1):
 PSYoungGen      total 287744K, used 9028K [0x000000076b400000, 0x000000078e600000, 0x00000007c0000000)
  eden space 262144K, 0% used [0x000000076b400000,0x000000076b400000,0x000000077b400000)
  from space 25600K, 35% used [0x000000077b400000,0x000000077bcd1190,0x000000077cd00000)
  to   space 25600K, 0% used [0x000000078cd00000,0x000000078cd00000,0x000000078e600000)
 ParOldGen       total 175104K, used 33788K [0x00000006c1c00000, 0x00000006cc700000, 0x000000076b400000)
  object space 175104K, 19% used [0x00000006c1c00000,0x00000006c3cff358,0x00000006cc700000)
 Metaspace       used 21019K, capacity 21184K, committed 21296K, reserved 1067008K
  class space    used 2825K, capacity 2920K, committed 2944K, reserved 1048576K
Event: 4.645 GC heap after
Heap after GC invocations=8 (full 1):
 PSYoungGen      total 287744K, used 0K [0x000000076b400000, 0x000000078e600000, 0x00000007c0000000)
  eden space 262144K, 0% used [0x000000076b400000,0x000000076b400000,0x000000077b400000)
  from space 25600K, 0% used [0x000000077b400000,0x000000077b400000,0x000000077cd00000)
  to   space 25600K, 0% used [0x000000078cd00000,0x000000078cd00000,0x000000078e600000)
 ParOldGen       total 117760K, used 25381K [0x00000006c1c00000, 0x00000006c8f00000, 0x000000076b400000)
  object space 117760K, 21% used [0x00000006c1c00000,0x00000006c34c9778,0x00000006c8f00000)
 Metaspace       used 21019K, capacity 21184K, committed 21296K, reserved 1067008K
  class space    used 2825K, capacity 2920K, committed 2944K, reserved 1048576K
}
Event: 7.106 GC heap before
{Heap before GC invocations=9 (full 1):
 PSYoungGen      total 287744K, used 262144K [0x000000076b400000, 0x000000078e600000, 0x00000007c0000000)
  eden space 262144K, 100% used [0x000000076b400000,0x000000077b400000,0x000000077b400000)
  from space 25600K, 0% used [0x000000077b400000,0x000000077b400000,0x000000077cd00000)
  to   space 25600K, 0% used [0x000000078cd00000,0x000000078cd00000,0x000000078e600000)
 ParOldGen       total 117760K, used 25381K [0x00000006c1c00000, 0x00000006c8f00000, 0x000000076b400000)
  object space 117760K, 21% used [0x00000006c1c00000,0x00000006c34c9778,0x00000006c8f00000)
 Metaspace       used 29005K, capacity 29360K, committed 29440K, reserved 1075200K
  class space    used 3971K, capacity 4088K, committed 4096K, reserved 1048576K
Event: 7.114 GC heap after
Heap after GC invocations=9 (full 1):
 PSYoungGen      total 472576K, used 7343K [0x000000076b400000, 0x000000078d480000, 0x00000007c0000000)
  eden space 464896K, 0% used [0x000000076b400000,0x000000076b400000,0x0000000787a00000)
  from space 7680K, 95% used [0x000000078cd00000,0x000000078d42bf80,0x000000078d480000)
  to   space 25600K, 0% used [0x000000078a280000,0x000000078a280000,0x000000078bb80000)
 ParOldGen       total 117760K, used 25389K [0x00000006c1c00000, 0x00000006c8f00000, 0x000000076b400000)
  object space 117760K, 21% used [0x00000006c1c00000,0x00000006c34cb778,0x00000006c8f00000)
 Metaspace       used 29005K, capacity 29360K, committed 29440K, reserved 1075200K
  class space    used 3971K, capacity 4088K, committed 4096K, reserved 1048576K
}
Event: 8.358 GC heap before
{Heap before GC invocations=10 (full 1):
 PSYoungGen      total 472576K, used 255066K [0x000000076b400000, 0x000000078d480000, 0x00000007c0000000)
  eden space 464896K, 53% used [0x000000076b400000,0x000000077a5ea9e0,0x0000000787a00000)
  from space 7680K, 95% used [0x000000078cd00000,0x000000078d42bf80,0x000000078d480000)
  to   space 25600K, 0% used [0x000000078a280000,0x000000078a280000,0x000000078bb80000)
 ParOldGen       total 117760K, used 25389K [0x00000006c1c00000, 0x00000006c8f00000, 0x000000076b400000)
  object space 117760K, 21% used [0x00000006c1c00000,0x00000006c34cb778,0x00000006c8f00000)
 Metaspace       used 35107K, capacity 35440K, committed 35456K, reserved 1079296K
  class space    used 4865K, capacity 4984K, committed 4992K, reserved 1048576K
Event: 8.365 GC heap after
Heap after GC invocations=10 (full 1):
 PSYoungGen      total 531968K, used 7627K [0x000000076b400000, 0x0000000797200000, 0x00000007c0000000)
  eden space 506368K, 0% used [0x000000076b400000,0x000000076b400000,0x000000078a280000)
  from space 25600K, 29% used [0x000000078a280000,0x000000078a9f2cf8,0x000000078bb80000)
  to   space 25088K, 0% used [0x0000000795980000,0x0000000795980000,0x0000000797200000)
 ParOldGen       total 117760K, used 25405K [0x00000006c1c00000, 0x00000006c8f00000, 0x000000076b400000)
  object space 117760K, 21% used [0x00000006c1c00000,0x00000006c34cf778,0x00000006c8f00000)
 Metaspace       used 35107K, capacity 35440K, committed 35456K, reserved 1079296K
  class space    used 4865K, capacity 4984K, committed 4992K, reserved 1048576K
}
Event: 8.365 GC heap before
{Heap before GC invocations=11 (full 2):
 PSYoungGen      total 531968K, used 7627K [0x000000076b400000, 0x0000000797200000, 0x00000007c0000000)
  eden space 506368K, 0% used [0x000000076b400000,0x000000076b400000,0x000000078a280000)
  from space 25600K, 29% used [0x000000078a280000,0x000000078a9f2cf8,0x000000078bb80000)
  to   space 25088K, 0% used [0x0000000795980000,0x0000000795980000,0x0000000797200000)
 ParOldGen       total 117760K, used 25405K [0x00000006c1c00000, 0x00000006c8f00000, 0x000000076b400000)
  object space 117760K, 21% used [0x00000006c1c00000,0x00000006c34cf778,0x00000006c8f00000)
 Metaspace       used 35107K, capacity 35440K, committed 35456K, reserved 1079296K
  class space    used 4865K, capacity 4984K, committed 4992K, reserved 1048576K
Event: 8.444 GC heap after
Heap after GC invocations=11 (full 2):
 PSYoungGen      total 531968K, used 0K [0x000000076b400000, 0x0000000797200000, 0x00000007c0000000)
  eden space 506368K, 0% used [0x000000076b400000,0x000000076b400000,0x000000078a280000)
  from space 25600K, 0% used [0x000000078a280000,0x000000078a280000,0x000000078bb80000)
  to   space 25088K, 0% used [0x0000000795980000,0x0000000795980000,0x0000000797200000)
 ParOldGen       total 153600K, used 32152K [0x00000006c1c00000, 0x00000006cb200000, 0x000000076b400000)
  object space 153600K, 20% used [0x00000006c1c00000,0x00000006c3b66160,0x00000006cb200000)
 Metaspace       used 35107K, capacity 35440K, committed 35456K, reserved 1079296K
  class space    used 4865K, capacity 4984K, committed 4992K, reserved 1048576K
}

