# JRE version: Java(TM) SE Runtime Environment (8.0_221-b11) (build 1.8.0_221-b11)
# Java VM: Java HotSpot(TM) 64-Bit Server VM (25.221-b11 mixed mode windows-amd64 compressed oops)
Heap:
 PSYoungGen      total 294400K, used 49056K [0x000000076b400000, 0x0000000782780000, 0x00000007c0000000)
  eden space 268288K, 16% used [0x000000076b400000,0x000000076dfc2810,0x000000077ba00000)
  from space 26112K, 16% used [0x000000077d300000,0x000000077d725a88,0x000000077ec80000)
  to   space 25600K, 0% used [0x000000077ba00000,0x000000077ba00000,0x000000077d300000)
 ParOldGen       total 142848K, used 29315K [0x00000006c1c00000, 0x00000006ca780000, 0x000000076b400000)
  object space 142848K, 20% used [0x00000006c1c00000,0x00000006c38a0e40,0x00000006ca780000)
 Metaspace       used 34499K, capacity 34850K, committed 35072K, reserved 1079296K
  class space    used 5204K, capacity 5305K, committed 5376K, reserved 1048576K
GC Heap History (10 events):
Event: 4.103 GC heap before
{Heap before GC invocations=5 (full 0):
 PSYoungGen      total 141824K, used 113533K [0x000000076b400000, 0x0000000774900000, 0x00000007c0000000)
  eden space 131072K, 83% used [0x000000076b400000,0x0000000771ee6230,0x0000000773400000)
  from space 10752K, 37% used [0x0000000773e80000,0x0000000774279508,0x0000000774900000)
  to   space 10752K, 0% used [0x0000000773400000,0x0000000773400000,0x0000000773e80000)
 ParOldGen       total 175104K, used 24962K [0x00000006c1c00000, 0x00000006cc700000, 0x000000076b400000)
  object space 175104K, 14% used [0x00000006c1c00000,0x00000006c34609b0,0x00000006cc700000)
 Metaspace       used 20946K, capacity 21168K, committed 21248K, reserved 1067008K
  class space    used 2978K, capacity 3048K, committed 3072K, reserved 1048576K
Event: 4.111 GC heap after
Heap after GC invocations=5 (full 0):
 PSYoungGen      total 141824K, used 8675K [0x000000076b400000, 0x000000077e900000, 0x00000007c0000000)
  eden space 131072K, 0% used [0x000000076b400000,0x000000076b400000,0x0000000773400000)
  from space 10752K, 80% used [0x0000000773400000,0x0000000773c78f50,0x0000000773e80000)
  to   space 27136K, 0% used [0x000000077ce80000,0x000000077ce80000,0x000000077e900000)
 ParOldGen       total 175104K, used 24970K [0x00000006c1c00000, 0x00000006cc700000, 0x000000076b400000)
  object space 175104K, 14% used [0x00000006c1c00000,0x00000006c34629b0,0x00000006cc700000)
 Metaspace       used 20946K, capacity 21168K, committed 21248K, reserved 1067008K
  class space    used 2978K, capacity 3048K, committed 3072K, reserved 1048576K
}
Event: 4.111 GC heap before
{Heap before GC invocations=6 (full 1):
 PSYoungGen      total 141824K, used 8675K [0x000000076b400000, 0x000000077e900000, 0x00000007c0000000)
  eden space 131072K, 0% used [0x000000076b400000,0x000000076b400000,0x0000000773400000)
  from space 10752K, 80% used [0x0000000773400000,0x0000000773c78f50,0x0000000773e80000)
  to   space 27136K, 0% used [0x000000077ce80000,0x000000077ce80000,0x000000077e900000)
 ParOldGen       total 175104K, used 24970K [0x00000006c1c00000, 0x00000006cc700000, 0x000000076b400000)
  object space 175104K, 14% used [0x00000006c1c00000,0x00000006c34629b0,0x00000006cc700000)
 Metaspace       used 20946K, capacity 21168K, committed 21248K, reserved 1067008K
  class space    used 2978K, capacity 3048K, committed 3072K, reserved 1048576K
Event: 4.164 GC heap after
Heap after GC invocations=6 (full 1):
 PSYoungGen      total 141824K, used 0K [0x000000076b400000, 0x000000077e900000, 0x00000007c0000000)
  eden space 131072K, 0% used [0x000000076b400000,0x000000076b400000,0x0000000773400000)
  from space 10752K, 0% used [0x0000000773400000,0x0000000773400000,0x0000000773e80000)
  to   space 27136K, 0% used [0x000000077ce80000,0x000000077ce80000,0x000000077e900000)
 ParOldGen       total 142848K, used 29291K [0x00000006c1c00000, 0x00000006ca780000, 0x000000076b400000)
  object space 142848K, 20% used [0x00000006c1c00000,0x00000006c389ae40,0x00000006ca780000)
 Metaspace       used 20946K, capacity 21168K, committed 21248K, reserved 1067008K
  class space    used 2978K, capacity 3048K, committed 3072K, reserved 1048576K
}
Event: 5.163 GC heap before
{Heap before GC invocations=7 (full 1):
 PSYoungGen      total 141824K, used 131072K [0x000000076b400000, 0x000000077e900000, 0x00000007c0000000)
  eden space 131072K, 100% used [0x000000076b400000,0x0000000773400000,0x0000000773400000)
  from space 10752K, 0% used [0x0000000773400000,0x0000000773400000,0x0000000773e80000)
  to   space 27136K, 0% used [0x000000077ce80000,0x000000077ce80000,0x000000077e900000)
 ParOldGen       total 142848K, used 29291K [0x00000006c1c00000, 0x00000006ca780000, 0x000000076b400000)
  object space 142848K, 20% used [0x00000006c1c00000,0x00000006c389ae40,0x00000006ca780000)
 Metaspace       used 26157K, capacity 26558K, committed 26752K, reserved 1071104K
  class space    used 3985K, capacity 4119K, committed 4224K, reserved 1048576K
Event: 5.167 GC heap after
Heap after GC invocations=7 (full 1):
 PSYoungGen      total 196096K, used 5691K [0x000000076b400000, 0x000000077d480000, 0x00000007c0000000)
  eden space 189952K, 0% used [0x000000076b400000,0x000000076b400000,0x0000000776d80000)
  from space 6144K, 92% used [0x000000077ce80000,0x000000077d40ed28,0x000000077d480000)
  to   space 27136K, 0% used [0x0000000779f80000,0x0000000779f80000,0x000000077ba00000)
 ParOldGen       total 142848K, used 29299K [0x00000006c1c00000, 0x00000006ca780000, 0x000000076b400000)
  object space 142848K, 20% used [0x00000006c1c00000,0x00000006c389ce40,0x00000006ca780000)
 Metaspace       used 26157K, capacity 26558K, committed 26752K, reserved 1071104K
  class space    used 3985K, capacity 4119K, committed 4224K, reserved 1048576K
}
Event: 6.507 GC heap before
{Heap before GC invocations=8 (full 1):
 PSYoungGen      total 196096K, used 195643K [0x000000076b400000, 0x000000077d480000, 0x00000007c0000000)
  eden space 189952K, 100% used [0x000000076b400000,0x0000000776d80000,0x0000000776d80000)
  from space 6144K, 92% used [0x000000077ce80000,0x000000077d40ed28,0x000000077d480000)
  to   space 27136K, 0% used [0x0000000779f80000,0x0000000779f80000,0x000000077ba00000)
 ParOldGen       total 142848K, used 29299K [0x00000006c1c00000, 0x00000006ca780000, 0x000000076b400000)
  object space 142848K, 20% used [0x00000006c1c00000,0x00000006c389ce40,0x00000006ca780000)
 Metaspace       used 31939K, capacity 32322K, committed 32512K, reserved 1077248K
  class space    used 4957K, capacity 5081K, committed 5120K, reserved 1048576K
Event: 6.513 GC heap after
Heap after GC invocations=8 (full 1):
 PSYoungGen      total 268288K, used 8262K [0x000000076b400000, 0x000000077ec80000, 0x00000007c0000000)
  eden space 241152K, 0% used [0x000000076b400000,0x000000076b400000,0x0000000779f80000)
  from space 27136K, 30% used [0x0000000779f80000,0x000000077a791ad0,0x000000077ba00000)
  to   space 26112K, 0% used [0x000000077d300000,0x000000077d300000,0x000000077ec80000)
 ParOldGen       total 142848K, used 29307K [0x00000006c1c00000, 0x00000006ca780000, 0x000000076b400000)
  object space 142848K, 20% used [0x00000006c1c00000,0x00000006c389ee40,0x00000006ca780000)
 Metaspace       used 31939K, capacity 32322K, committed 32512K, reserved 1077248K
  class space    used 4957K, capacity 5081K, committed 5120K, reserved 1048576K
}
Event: 7.662 GC heap before
{Heap before GC invocations=9 (full 1):
 PSYoungGen      total 268288K, used 249414K [0x000000076b400000, 0x000000077ec80000, 0x00000007c0000000)
  eden space 241152K, 100% used [0x000000076b400000,0x0000000779f80000,0x0000000779f80000)
  from space 27136K, 30% used [0x0000000779f80000,0x000000077a791ad0,0x000000077ba00000)
  to   space 26112K, 0% used [0x000000077d300000,0x000000077d300000,0x000000077ec80000)
 ParOldGen       total 142848K, used 29307K [0x00000006c1c00000, 0x00000006ca780000, 0x000000076b400000)
  object space 142848K, 20% used [0x00000006c1c00000,0x00000006c389ee40,0x00000006ca780000)
 Metaspace       used 34432K, capacity 34786K, committed 35072K, reserved 1079296K
  class space    used 5199K, capacity 5305K, committed 5376K, reserved 1048576K
Event: 7.666 GC heap after
Heap after GC invocations=9 (full 1):
 PSYoungGen      total 294400K, used 4246K [0x000000076b400000, 0x0000000782780000, 0x00000007c0000000)
  eden space 268288K, 0% used [0x000000076b400000,0x000000076b400000,0x000000077ba00000)
  from space 26112K, 16% used [0x000000077d300000,0x000000077d725a88,0x000000077ec80000)
  to   space 25600K, 0% used [0x000000077ba00000,0x000000077ba00000,0x000000077d300000)
 ParOldGen       total 142848K, used 29315K [0x00000006c1c00000, 0x00000006ca780000, 0x000000076b400000)
  object space 142848K, 20% used [0x00000006c1c00000,0x00000006c38a0e40,0x00000006ca780000)
 Metaspace       used 34432K, capacity 34786K, committed 35072K, reserved 1079296K
  class space    used 5199K, capacity 5305K, committed 5376K, reserved 1048576K
}

