# JRE version: Java(TM) SE Runtime Environment (8.0_221-b11) (build 1.8.0_221-b11)
# Java VM: Java HotSpot(TM) 64-Bit Server VM (25.221-b11 mixed mode windows-amd64 compressed oops)
Heap:
 PSYoungGen      total 336896K, used 9199K [0x000000076b400000, 0x0000000786580000, 0x00000007c0000000)
  eden space 311296K, 2% used [0x000000076b400000,0x000000076bcfbe98,0x000000077e400000)
  from space 25600K, 0% used [0x000000077e400000,0x000000077e400000,0x000000077fd00000)
  to   space 25600K, 0% used [0x0000000784c80000,0x0000000784c80000,0x0000000786580000)
 ParOldGen       total 190976K, used 28086K [0x00000006c1c00000, 0x00000006cd680000, 0x000000076b400000)
  object space 190976K, 14% used [0x00000006c1c00000,0x00000006c376d898,0x00000006cd680000)
 Metaspace       used 35150K, capacity 35554K, committed 35672K, reserved 1079296K
  class space    used 5249K, capacity 5369K, committed 5376K, reserved 1048576K
GC Heap History (10 events):
Event: 8.997 GC heap before
{Heap before GC invocations=7 (full 1):
 PSYoungGen      total 141824K, used 131072K [0x000000076b400000, 0x000000077e900000, 0x00000007c0000000)
  eden space 131072K, 100% used [0x000000076b400000,0x0000000773400000,0x0000000773400000)
  from space 10752K, 0% used [0x0000000773400000,0x0000000773400000,0x0000000773e80000)
  to   space 27136K, 0% used [0x000000077ce80000,0x000000077ce80000,0x000000077e900000)
 ParOldGen       total 135680K, used 29361K [0x00000006c1c00000, 0x00000006ca080000, 0x000000076b400000)
  object space 135680K, 21% used [0x00000006c1c00000,0x00000006c38ac4b0,0x00000006ca080000)
 Metaspace       used 26201K, capacity 26590K, committed 26624K, reserved 1071104K
  class space    used 3965K, capacity 4087K, committed 4096K, reserved 1048576K
Event: 9.000 GC heap after
Heap after GC invocations=7 (full 1):
 PSYoungGen      total 210944K, used 5818K [0x000000076b400000, 0x000000077d480000, 0x00000007c0000000)
  eden space 204800K, 0% used [0x000000076b400000,0x000000076b400000,0x0000000777c00000)
  from space 6144K, 94% used [0x000000077ce80000,0x000000077d42e978,0x000000077d480000)
  to   space 26624K, 0% used [0x000000077a080000,0x000000077a080000,0x000000077ba80000)
 ParOldGen       total 135680K, used 29369K [0x00000006c1c00000, 0x00000006ca080000, 0x000000076b400000)
  object space 135680K, 21% used [0x00000006c1c00000,0x00000006c38ae4b0,0x00000006ca080000)
 Metaspace       used 26201K, capacity 26590K, committed 26624K, reserved 1071104K
  class space    used 3965K, capacity 4087K, committed 4096K, reserved 1048576K
}
Event: 10.626 GC heap before
{Heap before GC invocations=8 (full 1):
 PSYoungGen      total 210944K, used 210618K [0x000000076b400000, 0x000000077d480000, 0x00000007c0000000)
  eden space 204800K, 100% used [0x000000076b400000,0x0000000777c00000,0x0000000777c00000)
  from space 6144K, 94% used [0x000000077ce80000,0x000000077d42e978,0x000000077d480000)
  to   space 26624K, 0% used [0x000000077a080000,0x000000077a080000,0x000000077ba80000)
 ParOldGen       total 135680K, used 29369K [0x00000006c1c00000, 0x00000006ca080000, 0x000000076b400000)
  object space 135680K, 21% used [0x00000006c1c00000,0x00000006c38ae4b0,0x00000006ca080000)
 Metaspace       used 32944K, capacity 33314K, committed 33536K, reserved 1077248K
  class space    used 5005K, capacity 5113K, committed 5120K, reserved 1048576K
Event: 10.632 GC heap after
Heap after GC invocations=8 (full 1):
 PSYoungGen      total 268800K, used 8654K [0x000000076b400000, 0x0000000781600000, 0x00000007c0000000)
  eden space 242176K, 0% used [0x000000076b400000,0x000000076b400000,0x000000077a080000)
  from space 26624K, 32% used [0x000000077a080000,0x000000077a8f3ab8,0x000000077ba80000)
  to   space 25600K, 0% used [0x000000077fd00000,0x000000077fd00000,0x0000000781600000)
 ParOldGen       total 135680K, used 29377K [0x00000006c1c00000, 0x00000006ca080000, 0x000000076b400000)
  object space 135680K, 21% used [0x00000006c1c00000,0x00000006c38b04b0,0x00000006ca080000)
 Metaspace       used 32944K, capacity 33314K, committed 33536K, reserved 1077248K
  class space    used 5005K, capacity 5113K, committed 5120K, reserved 1048576K
}
Event: 11.737 GC heap before
{Heap before GC invocations=9 (full 1):
 PSYoungGen      total 268800K, used 250830K [0x000000076b400000, 0x0000000781600000, 0x00000007c0000000)
  eden space 242176K, 100% used [0x000000076b400000,0x000000077a080000,0x000000077a080000)
  from space 26624K, 32% used [0x000000077a080000,0x000000077a8f3ab8,0x000000077ba80000)
  to   space 25600K, 0% used [0x000000077fd00000,0x000000077fd00000,0x0000000781600000)
 ParOldGen       total 135680K, used 29377K [0x00000006c1c00000, 0x00000006ca080000, 0x000000076b400000)
  object space 135680K, 21% used [0x00000006c1c00000,0x00000006c38b04b0,0x00000006ca080000)
 Metaspace       used 34627K, capacity 34978K, committed 35328K, reserved 1079296K
  class space    used 5200K, capacity 5305K, committed 5376K, reserved 1048576K
Event: 11.740 GC heap after
Heap after GC invocations=9 (full 1):
 PSYoungGen      total 336896K, used 4014K [0x000000076b400000, 0x0000000784200000, 0x00000007c0000000)
  eden space 311296K, 0% used [0x000000076b400000,0x000000076b400000,0x000000077e400000)
  from space 25600K, 15% used [0x000000077fd00000,0x00000007800eb9b0,0x0000000781600000)
  to   space 25600K, 0% used [0x000000077e400000,0x000000077e400000,0x000000077fd00000)
 ParOldGen       total 135680K, used 29385K [0x00000006c1c00000, 0x00000006ca080000, 0x000000076b400000)
  object space 135680K, 21% used [0x00000006c1c00000,0x00000006c38b24b0,0x00000006ca080000)
 Metaspace       used 34627K, capacity 34978K, committed 35328K, reserved 1079296K
  class space    used 5200K, capacity 5305K, committed 5376K, reserved 1048576K
}
Event: 12.607 GC heap before
{Heap before GC invocations=10 (full 1):
 PSYoungGen      total 336896K, used 46566K [0x000000076b400000, 0x0000000784200000, 0x00000007c0000000)
  eden space 311296K, 13% used [0x000000076b400000,0x000000076dd8e1a8,0x000000077e400000)
  from space 25600K, 15% used [0x000000077fd00000,0x00000007800eb9b0,0x0000000781600000)
  to   space 25600K, 0% used [0x000000077e400000,0x000000077e400000,0x000000077fd00000)
 ParOldGen       total 135680K, used 29385K [0x00000006c1c00000, 0x00000006ca080000, 0x000000076b400000)
  object space 135680K, 21% used [0x00000006c1c00000,0x00000006c38b24b0,0x00000006ca080000)
 Metaspace       used 34886K, capacity 35266K, committed 35416K, reserved 1079296K
  class space    used 5218K, capacity 5337K, committed 5376K, reserved 1048576K
Event: 12.610 GC heap after
Heap after GC invocations=10 (full 1):
 PSYoungGen      total 336896K, used 3528K [0x000000076b400000, 0x0000000786580000, 0x00000007c0000000)
  eden space 311296K, 0% used [0x000000076b400000,0x000000076b400000,0x000000077e400000)
  from space 25600K, 13% used [0x000000077e400000,0x000000077e772290,0x000000077fd00000)
  to   space 25600K, 0% used [0x0000000784c80000,0x0000000784c80000,0x0000000786580000)
 ParOldGen       total 135680K, used 29393K [0x00000006c1c00000, 0x00000006ca080000, 0x000000076b400000)
  object space 135680K, 21% used [0x00000006c1c00000,0x00000006c38b44b0,0x00000006ca080000)
 Metaspace       used 34886K, capacity 35266K, committed 35416K, reserved 1079296K
  class space    used 5218K, capacity 5337K, committed 5376K, reserved 1048576K
}
Event: 12.610 GC heap before
{Heap before GC invocations=11 (full 2):
 PSYoungGen      total 336896K, used 3528K [0x000000076b400000, 0x0000000786580000, 0x00000007c0000000)
  eden space 311296K, 0% used [0x000000076b400000,0x000000076b400000,0x000000077e400000)
  from space 25600K, 13% used [0x000000077e400000,0x000000077e772290,0x000000077fd00000)
  to   space 25600K, 0% used [0x0000000784c80000,0x0000000784c80000,0x0000000786580000)
 ParOldGen       total 135680K, used 29393K [0x00000006c1c00000, 0x00000006ca080000, 0x000000076b400000)
  object space 135680K, 21% used [0x00000006c1c00000,0x00000006c38b44b0,0x00000006ca080000)
 Metaspace       used 34886K, capacity 35266K, committed 35416K, reserved 1079296K
  class space    used 5218K, capacity 5337K, committed 5376K, reserved 1048576K
Event: 12.663 GC heap after
Heap after GC invocations=11 (full 2):
 PSYoungGen      total 336896K, used 0K [0x000000076b400000, 0x0000000786580000, 0x00000007c0000000)
  eden space 311296K, 0% used [0x000000076b400000,0x000000076b400000,0x000000077e400000)
  from space 25600K, 0% used [0x000000077e400000,0x000000077e400000,0x000000077fd00000)
  to   space 25600K, 0% used [0x0000000784c80000,0x0000000784c80000,0x0000000786580000)
 ParOldGen       total 190976K, used 28086K [0x00000006c1c00000, 0x00000006cd680000, 0x000000076b400000)
  object space 190976K, 14% used [0x00000006c1c00000,0x00000006c376d898,0x00000006cd680000)
 Metaspace       used 34886K, capacity 35266K, committed 35416K, reserved 1079296K
  class space    used 5218K, capacity 5337K, committed 5376K, reserved 1048576K
}

