# JRE version: Java(TM) SE Runtime Environment (8.0_221-b11) (build 1.8.0_221-b11)
# Java VM: Java HotSpot(TM) 64-Bit Server VM (25.221-b11 mixed mode windows-amd64 compressed oops)
Heap:
 PSYoungGen      total 422912K, used 268622K [0x000000076b400000, 0x0000000788680000, 0x00000007c0000000)
  eden space 397312K, 67% used [0x000000076b400000,0x000000077ba539c8,0x0000000783800000)
  from space 25600K, 0% used [0x0000000785100000,0x0000000785100000,0x0000000786a00000)
  to   space 25600K, 0% used [0x0000000783800000,0x0000000783800000,0x0000000785100000)
 ParOldGen       total 165888K, used 28946K [0x00000006c1c00000, 0x00000006cbe00000, 0x000000076b400000)
  object space 165888K, 17% used [0x00000006c1c00000,0x00000006c3844b40,0x00000006cbe00000)
 Metaspace       used 38094K, capacity 38534K, committed 38784K, reserved 1081344K
  class space    used 5787K, capacity 5915K, committed 6016K, reserved 1048576K
GC Heap History (10 events):
Event: 16.405 GC heap before
{Heap before GC invocations=6 (full 1):
 PSYoungGen      total 141824K, used 9253K [0x000000076b400000, 0x000000077e800000, 0x00000007c0000000)
  eden space 131072K, 0% used [0x000000076b400000,0x000000076b400000,0x0000000773400000)
  from space 10752K, 86% used [0x0000000773400000,0x0000000773d09788,0x0000000773e80000)
  to   space 26624K, 0% used [0x000000077ce00000,0x000000077ce00000,0x000000077e800000)
 ParOldGen       total 175104K, used 24739K [0x00000006c1c00000, 0x00000006cc700000, 0x000000076b400000)
  object space 175104K, 14% used [0x00000006c1c00000,0x00000006c3428cb8,0x00000006cc700000)
 Metaspace       used 20949K, capacity 21168K, committed 21248K, reserved 1067008K
  class space    used 2976K, capacity 3048K, committed 3072K, reserved 1048576K
Event: 16.464 GC heap after
Heap after GC invocations=6 (full 1):
 PSYoungGen      total 141824K, used 0K [0x000000076b400000, 0x000000077e800000, 0x00000007c0000000)
  eden space 131072K, 0% used [0x000000076b400000,0x000000076b400000,0x0000000773400000)
  from space 10752K, 0% used [0x0000000773400000,0x0000000773400000,0x0000000773e80000)
  to   space 26624K, 0% used [0x000000077ce00000,0x000000077ce00000,0x000000077e800000)
 ParOldGen       total 123904K, used 29288K [0x00000006c1c00000, 0x00000006c9500000, 0x000000076b400000)
  object space 123904K, 23% used [0x00000006c1c00000,0x00000006c389a0e0,0x00000006c9500000)
 Metaspace       used 20949K, capacity 21168K, committed 21248K, reserved 1067008K
  class space    used 2976K, capacity 3048K, committed 3072K, reserved 1048576K
}
Event: 17.419 GC heap before
{Heap before GC invocations=7 (full 1):
 PSYoungGen      total 141824K, used 131072K [0x000000076b400000, 0x000000077e800000, 0x00000007c0000000)
  eden space 131072K, 100% used [0x000000076b400000,0x0000000773400000,0x0000000773400000)
  from space 10752K, 0% used [0x0000000773400000,0x0000000773400000,0x0000000773e80000)
  to   space 26624K, 0% used [0x000000077ce00000,0x000000077ce00000,0x000000077e800000)
 ParOldGen       total 123904K, used 29288K [0x00000006c1c00000, 0x00000006c9500000, 0x000000076b400000)
  object space 123904K, 23% used [0x00000006c1c00000,0x00000006c389a0e0,0x00000006c9500000)
 Metaspace       used 26268K, capacity 26622K, committed 27008K, reserved 1073152K
  class space    used 3997K, capacity 4119K, committed 4224K, reserved 1048576K
Event: 17.424 GC heap after
Heap after GC invocations=7 (full 1):
 PSYoungGen      total 236544K, used 5780K [0x000000076b400000, 0x000000077d400000, 0x00000007c0000000)
  eden space 230400K, 0% used [0x000000076b400000,0x000000076b400000,0x0000000779500000)
  from space 6144K, 94% used [0x000000077ce00000,0x000000077d3a5280,0x000000077d400000)
  to   space 27136K, 0% used [0x0000000779f00000,0x0000000779f00000,0x000000077b980000)
 ParOldGen       total 123904K, used 29296K [0x00000006c1c00000, 0x00000006c9500000, 0x000000076b400000)
  object space 123904K, 23% used [0x00000006c1c00000,0x00000006c389c0e0,0x00000006c9500000)
 Metaspace       used 26268K, capacity 26622K, committed 27008K, reserved 1073152K
  class space    used 3997K, capacity 4119K, committed 4224K, reserved 1048576K
}
Event: 18.835 GC heap before
{Heap before GC invocations=8 (full 1):
 PSYoungGen      total 236544K, used 236180K [0x000000076b400000, 0x000000077d400000, 0x00000007c0000000)
  eden space 230400K, 100% used [0x000000076b400000,0x0000000779500000,0x0000000779500000)
  from space 6144K, 94% used [0x000000077ce00000,0x000000077d3a5280,0x000000077d400000)
  to   space 27136K, 0% used [0x0000000779f00000,0x0000000779f00000,0x000000077b980000)
 ParOldGen       total 123904K, used 29296K [0x00000006c1c00000, 0x00000006c9500000, 0x000000076b400000)
  object space 123904K, 23% used [0x00000006c1c00000,0x00000006c389c0e0,0x00000006c9500000)
 Metaspace       used 33560K, capacity 33954K, committed 34304K, reserved 1079296K
  class space    used 5233K, capacity 5369K, committed 5376K, reserved 1048576K
Event: 18.842 GC heap after
Heap after GC invocations=8 (full 1):
 PSYoungGen      total 267776K, used 9374K [0x000000076b400000, 0x0000000786a00000, 0x00000007c0000000)
  eden space 240640K, 0% used [0x000000076b400000,0x000000076b400000,0x0000000779f00000)
  from space 27136K, 34% used [0x0000000779f00000,0x000000077a827808,0x000000077b980000)
  to   space 25600K, 0% used [0x0000000785100000,0x0000000785100000,0x0000000786a00000)
 ParOldGen       total 123904K, used 29304K [0x00000006c1c00000, 0x00000006c9500000, 0x000000076b400000)
  object space 123904K, 23% used [0x00000006c1c00000,0x00000006c389e0e0,0x00000006c9500000)
 Metaspace       used 33560K, capacity 33954K, committed 34304K, reserved 1079296K
  class space    used 5233K, capacity 5369K, committed 5376K, reserved 1048576K
}
Event: 18.987 GC heap before
{Heap before GC invocations=9 (full 1):
 PSYoungGen      total 267776K, used 50765K [0x000000076b400000, 0x0000000786a00000, 0x00000007c0000000)
  eden space 240640K, 17% used [0x000000076b400000,0x000000076dc6bda8,0x0000000779f00000)
  from space 27136K, 34% used [0x0000000779f00000,0x000000077a827808,0x000000077b980000)
  to   space 25600K, 0% used [0x0000000785100000,0x0000000785100000,0x0000000786a00000)
 ParOldGen       total 123904K, used 29304K [0x00000006c1c00000, 0x00000006c9500000, 0x000000076b400000)
  object space 123904K, 23% used [0x00000006c1c00000,0x00000006c389e0e0,0x00000006c9500000)
 Metaspace       used 34828K, capacity 35174K, committed 35416K, reserved 1079296K
  class space    used 5420K, capacity 5563K, committed 5632K, reserved 1048576K
Event: 18.991 GC heap after
Heap after GC invocations=9 (full 1):
 PSYoungGen      total 422912K, used 4364K [0x000000076b400000, 0x0000000788680000, 0x00000007c0000000)
  eden space 397312K, 0% used [0x000000076b400000,0x000000076b400000,0x0000000783800000)
  from space 25600K, 17% used [0x0000000785100000,0x0000000785543388,0x0000000786a00000)
  to   space 25600K, 0% used [0x0000000783800000,0x0000000783800000,0x0000000785100000)
 ParOldGen       total 123904K, used 29312K [0x00000006c1c00000, 0x00000006c9500000, 0x000000076b400000)
  object space 123904K, 23% used [0x00000006c1c00000,0x00000006c38a00e0,0x00000006c9500000)
 Metaspace       used 34828K, capacity 35174K, committed 35416K, reserved 1079296K
  class space    used 5420K, capacity 5563K, committed 5632K, reserved 1048576K
}
Event: 18.991 GC heap before
{Heap before GC invocations=10 (full 2):
 PSYoungGen      total 422912K, used 4364K [0x000000076b400000, 0x0000000788680000, 0x00000007c0000000)
  eden space 397312K, 0% used [0x000000076b400000,0x000000076b400000,0x0000000783800000)
  from space 25600K, 17% used [0x0000000785100000,0x0000000785543388,0x0000000786a00000)
  to   space 25600K, 0% used [0x0000000783800000,0x0000000783800000,0x0000000785100000)
 ParOldGen       total 123904K, used 29312K [0x00000006c1c00000, 0x00000006c9500000, 0x000000076b400000)
  object space 123904K, 23% used [0x00000006c1c00000,0x00000006c38a00e0,0x00000006c9500000)
 Metaspace       used 34828K, capacity 35174K, committed 35416K, reserved 1079296K
  class space    used 5420K, capacity 5563K, committed 5632K, reserved 1048576K
Event: 19.056 GC heap after
Heap after GC invocations=10 (full 2):
 PSYoungGen      total 422912K, used 0K [0x000000076b400000, 0x0000000788680000, 0x00000007c0000000)
  eden space 397312K, 0% used [0x000000076b400000,0x000000076b400000,0x0000000783800000)
  from space 25600K, 0% used [0x0000000785100000,0x0000000785100000,0x0000000786a00000)
  to   space 25600K, 0% used [0x0000000783800000,0x0000000783800000,0x0000000785100000)
 ParOldGen       total 165888K, used 28946K [0x00000006c1c00000, 0x00000006cbe00000, 0x000000076b400000)
  object space 165888K, 17% used [0x00000006c1c00000,0x00000006c3844b40,0x00000006cbe00000)
 Metaspace       used 34828K, capacity 35174K, committed 35416K, reserved 1079296K
  class space    used 5420K, capacity 5563K, committed 5632K, reserved 1048576K
}

