# JRE version: Java(TM) SE Runtime Environment (8.0_161-b12) (build 1.8.0_161-b12)
# Java VM: Java HotSpot(TM) 64-Bit Server VM (25.161-b12 mixed mode windows-amd64 compressed oops)
Heap:
 PSYoungGen      total 115200K, used 60250K [0x000000076b400000, 0x0000000775580000, 0x00000007c0000000)
  eden space 113152K, 51% used [0x000000076b400000,0x000000076ecf1648,0x0000000772280000)
  from space 2048K, 94% used [0x0000000772580000,0x00000007727651e8,0x0000000772780000)
  to   space 26112K, 0% used [0x0000000773c00000,0x0000000773c00000,0x0000000775580000)
 ParOldGen       total 117248K, used 30531K [0x00000006c1c00000, 0x00000006c8e80000, 0x000000076b400000)
  object space 117248K, 26% used [0x00000006c1c00000,0x00000006c39d0c90,0x00000006c8e80000)
 Metaspace       used 34462K, capacity 34846K, committed 35072K, reserved 1079296K
  class space    used 5199K, capacity 5305K, committed 5376K, reserved 1048576K
GC Heap History (10 events):
Event: 49.201 GC heap before
{Heap before GC invocations=6 (full 1):
 PSYoungGen      total 137728K, used 8850K [0x000000076b400000, 0x0000000776500000, 0x00000007c0000000)
  eden space 126976K, 0% used [0x000000076b400000,0x000000076b400000,0x0000000773000000)
  from space 10752K, 82% used [0x0000000773400000,0x0000000773ca4940,0x0000000773e80000)
  to   space 27136K, 0% used [0x0000000774a80000,0x0000000774a80000,0x0000000776500000)
 ParOldGen       total 175104K, used 24062K [0x00000006c1c00000, 0x00000006cc700000, 0x000000076b400000)
  object space 175104K, 13% used [0x00000006c1c00000,0x00000006c337fab8,0x00000006cc700000)
 Metaspace       used 20962K, capacity 21164K, committed 21248K, reserved 1067008K
  class space    used 2977K, capacity 3048K, committed 3072K, reserved 1048576K
Event: 49.255 GC heap after
Heap after GC invocations=6 (full 1):
 PSYoungGen      total 137728K, used 0K [0x000000076b400000, 0x0000000776500000, 0x00000007c0000000)
  eden space 126976K, 0% used [0x000000076b400000,0x000000076b400000,0x0000000773000000)
  from space 10752K, 0% used [0x0000000773400000,0x0000000773400000,0x0000000773e80000)
  to   space 27136K, 0% used [0x0000000774a80000,0x0000000774a80000,0x0000000776500000)
 ParOldGen       total 117248K, used 29339K [0x00000006c1c00000, 0x00000006c8e80000, 0x000000076b400000)
  object space 117248K, 25% used [0x00000006c1c00000,0x00000006c38a6e98,0x00000006c8e80000)
 Metaspace       used 20962K, capacity 21164K, committed 21248K, reserved 1067008K
  class space    used 2977K, capacity 3048K, committed 3072K, reserved 1048576K
}
Event: 50.231 GC heap before
{Heap before GC invocations=7 (full 1):
 PSYoungGen      total 137728K, used 126976K [0x000000076b400000, 0x0000000776500000, 0x00000007c0000000)
  eden space 126976K, 100% used [0x000000076b400000,0x0000000773000000,0x0000000773000000)
  from space 10752K, 0% used [0x0000000773400000,0x0000000773400000,0x0000000773e80000)
  to   space 27136K, 0% used [0x0000000774a80000,0x0000000774a80000,0x0000000776500000)
 ParOldGen       total 117248K, used 29339K [0x00000006c1c00000, 0x00000006c8e80000, 0x000000076b400000)
  object space 117248K, 25% used [0x00000006c1c00000,0x00000006c38a6e98,0x00000006c8e80000)
 Metaspace       used 25994K, capacity 26362K, committed 26624K, reserved 1071104K
  class space    used 3962K, capacity 4055K, committed 4096K, reserved 1048576K
Event: 50.236 GC heap after
Heap after GC invocations=7 (full 1):
 PSYoungGen      total 146944K, used 5560K [0x000000076b400000, 0x0000000776180000, 0x00000007c0000000)
  eden space 123392K, 0% used [0x000000076b400000,0x000000076b400000,0x0000000772c80000)
  from space 23552K, 23% used [0x0000000774a80000,0x0000000774fee050,0x0000000776180000)
  to   space 27136K, 0% used [0x0000000772c80000,0x0000000772c80000,0x0000000774700000)
 ParOldGen       total 117248K, used 29347K [0x00000006c1c00000, 0x00000006c8e80000, 0x000000076b400000)
  object space 117248K, 25% used [0x00000006c1c00000,0x00000006c38a8e98,0x00000006c8e80000)
 Metaspace       used 25994K, capacity 26362K, committed 26624K, reserved 1071104K
  class space    used 3962K, capacity 4055K, committed 4096K, reserved 1048576K
}
Event: 51.093 GC heap before
{Heap before GC invocations=8 (full 1):
 PSYoungGen      total 146944K, used 128952K [0x000000076b400000, 0x0000000776180000, 0x00000007c0000000)
  eden space 123392K, 100% used [0x000000076b400000,0x0000000772c80000,0x0000000772c80000)
  from space 23552K, 23% used [0x0000000774a80000,0x0000000774fee050,0x0000000776180000)
  to   space 27136K, 0% used [0x0000000772c80000,0x0000000772c80000,0x0000000774700000)
 ParOldGen       total 117248K, used 29347K [0x00000006c1c00000, 0x00000006c8e80000, 0x000000076b400000)
  object space 117248K, 25% used [0x00000006c1c00000,0x00000006c38a8e98,0x00000006c8e80000)
 Metaspace       used 30528K, capacity 30874K, committed 30976K, reserved 1075200K
  class space    used 4751K, capacity 4855K, committed 4864K, reserved 1048576K
Event: 51.097 GC heap after
Heap after GC invocations=8 (full 1):
 PSYoungGen      total 126464K, used 6418K [0x000000076b400000, 0x0000000775d00000, 0x00000007c0000000)
  eden space 119808K, 0% used [0x000000076b400000,0x000000076b400000,0x0000000772900000)
  from space 6656K, 96% used [0x0000000772c80000,0x00000007732c4970,0x0000000773300000)
  to   space 26624K, 0% used [0x0000000774300000,0x0000000774300000,0x0000000775d00000)
 ParOldGen       total 117248K, used 29355K [0x00000006c1c00000, 0x00000006c8e80000, 0x000000076b400000)
  object space 117248K, 25% used [0x00000006c1c00000,0x00000006c38aae98,0x00000006c8e80000)
 Metaspace       used 30528K, capacity 30874K, committed 30976K, reserved 1075200K
  class space    used 4751K, capacity 4855K, committed 4864K, reserved 1048576K
}
Event: 52.338 GC heap before
{Heap before GC invocations=9 (full 1):
 PSYoungGen      total 126464K, used 126226K [0x000000076b400000, 0x0000000775d00000, 0x00000007c0000000)
  eden space 119808K, 100% used [0x000000076b400000,0x0000000772900000,0x0000000772900000)
  from space 6656K, 96% used [0x0000000772c80000,0x00000007732c4970,0x0000000773300000)
  to   space 26624K, 0% used [0x0000000774300000,0x0000000774300000,0x0000000775d00000)
 ParOldGen       total 117248K, used 29355K [0x00000006c1c00000, 0x00000006c8e80000, 0x000000076b400000)
  object space 117248K, 25% used [0x00000006c1c00000,0x00000006c38aae98,0x00000006c8e80000)
 Metaspace       used 33919K, capacity 34302K, committed 34560K, reserved 1079296K
  class space    used 5176K, capacity 5273K, committed 5376K, reserved 1048576K
Event: 52.342 GC heap after
Heap after GC invocations=9 (full 1):
 PSYoungGen      total 138240K, used 5428K [0x000000076b400000, 0x0000000775880000, 0x00000007c0000000)
  eden space 116224K, 0% used [0x000000076b400000,0x000000076b400000,0x0000000772580000)
  from space 22016K, 24% used [0x0000000774300000,0x000000077484d348,0x0000000775880000)
  to   space 26112K, 0% used [0x0000000772580000,0x0000000772580000,0x0000000773f00000)
 ParOldGen       total 117248K, used 29363K [0x00000006c1c00000, 0x00000006c8e80000, 0x000000076b400000)
  object space 117248K, 25% used [0x00000006c1c00000,0x00000006c38ace98,0x00000006c8e80000)
 Metaspace       used 33919K, capacity 34302K, committed 34560K, reserved 1079296K
  class space    used 5176K, capacity 5273K, committed 5376K, reserved 1048576K
}
Event: 52.765 GC heap before
{Heap before GC invocations=10 (full 1):
 PSYoungGen      total 138240K, used 121652K [0x000000076b400000, 0x0000000775880000, 0x00000007c0000000)
  eden space 116224K, 100% used [0x000000076b400000,0x0000000772580000,0x0000000772580000)
  from space 22016K, 24% used [0x0000000774300000,0x000000077484d348,0x0000000775880000)
  to   space 26112K, 0% used [0x0000000772580000,0x0000000772580000,0x0000000773f00000)
 ParOldGen       total 117248K, used 29363K [0x00000006c1c00000, 0x00000006c8e80000, 0x000000076b400000)
  object space 117248K, 25% used [0x00000006c1c00000,0x00000006c38ace98,0x00000006c8e80000)
 Metaspace       used 34276K, capacity 34654K, committed 35072K, reserved 1079296K
  class space    used 5181K, capacity 5305K, committed 5376K, reserved 1048576K
Event: 52.767 GC heap after
Heap after GC invocations=10 (full 1):
 PSYoungGen      total 115200K, used 1940K [0x000000076b400000, 0x0000000775580000, 0x00000007c0000000)
  eden space 113152K, 0% used [0x000000076b400000,0x000000076b400000,0x0000000772280000)
  from space 2048K, 94% used [0x0000000772580000,0x00000007727651e8,0x0000000772780000)
  to   space 26112K, 0% used [0x0000000773c00000,0x0000000773c00000,0x0000000775580000)
 ParOldGen       total 117248K, used 30531K [0x00000006c1c00000, 0x00000006c8e80000, 0x000000076b400000)
  object space 117248K, 26% used [0x00000006c1c00000,0x00000006c39d0c90,0x00000006c8e80000)
 Metaspace       used 34276K, capacity 34654K, committed 35072K, reserved 1079296K
  class space    used 5181K, capacity 5305K, committed 5376K, reserved 1048576K
}

