# JRE version: Java(TM) SE Runtime Environment (8.0_161-b12) (build 1.8.0_161-b12)
# Java VM: Java HotSpot(TM) 64-Bit Server VM (25.161-b12 mixed mode windows-amd64 compressed oops)
Heap:
 PSYoungGen      total 321536K, used 34480K [0x000000076b400000, 0x0000000783a80000, 0x00000007c0000000)
  eden space 295936K, 10% used [0x000000076b400000,0x000000076d1d5a38,0x000000077d500000)
  from space 25600K, 15% used [0x000000077ef00000,0x000000077f2d69a0,0x0000000780800000)
  to   space 26624K, 0% used [0x000000077d500000,0x000000077d500000,0x000000077ef00000)
 ParOldGen       total 136704K, used 29381K [0x00000006c1c00000, 0x00000006ca180000, 0x000000076b400000)
  object space 136704K, 21% used [0x00000006c1c00000,0x00000006c38b1758,0x00000006ca180000)
 Metaspace       used 34458K, capacity 34845K, committed 35120K, reserved 1079296K
  class space    used 5200K, capacity 5305K, committed 5424K, reserved 1048576K
GC Heap History (10 events):
Event: 3.817 GC heap before
{Heap before GC invocations=5 (full 0):
 PSYoungGen      total 141824K, used 123005K [0x000000076b400000, 0x0000000774900000, 0x00000007c0000000)
  eden space 131072K, 85% used [0x000000076b400000,0x00000007721a1878,0x0000000773400000)
  from space 10752K, 99% used [0x0000000773e80000,0x00000007748fdf00,0x0000000774900000)
  to   space 10752K, 0% used [0x0000000773400000,0x0000000773400000,0x0000000773e80000)
 ParOldGen       total 175104K, used 25597K [0x00000006c1c00000, 0x00000006cc700000, 0x000000076b400000)
  object space 175104K, 14% used [0x00000006c1c00000,0x00000006c34ff698,0x00000006cc700000)
 Metaspace       used 21006K, capacity 21257K, committed 21296K, reserved 1067008K
  class space    used 2982K, capacity 3081K, committed 3120K, reserved 1048576K
Event: 3.826 GC heap after
Heap after GC invocations=5 (full 0):
 PSYoungGen      total 141824K, used 10751K [0x000000076b400000, 0x000000077e300000, 0x00000007c0000000)
  eden space 131072K, 0% used [0x000000076b400000,0x000000076b400000,0x0000000773400000)
  from space 10752K, 99% used [0x0000000773400000,0x0000000773e7fd58,0x0000000773e80000)
  to   space 24064K, 0% used [0x000000077cb80000,0x000000077cb80000,0x000000077e300000)
 ParOldGen       total 175104K, used 30788K [0x00000006c1c00000, 0x00000006cc700000, 0x000000076b400000)
  object space 175104K, 17% used [0x00000006c1c00000,0x00000006c3a110e8,0x00000006cc700000)
 Metaspace       used 21006K, capacity 21257K, committed 21296K, reserved 1067008K
  class space    used 2982K, capacity 3081K, committed 3120K, reserved 1048576K
}
Event: 3.826 GC heap before
{Heap before GC invocations=6 (full 1):
 PSYoungGen      total 141824K, used 10751K [0x000000076b400000, 0x000000077e300000, 0x00000007c0000000)
  eden space 131072K, 0% used [0x000000076b400000,0x000000076b400000,0x0000000773400000)
  from space 10752K, 99% used [0x0000000773400000,0x0000000773e7fd58,0x0000000773e80000)
  to   space 24064K, 0% used [0x000000077cb80000,0x000000077cb80000,0x000000077e300000)
 ParOldGen       total 175104K, used 30788K [0x00000006c1c00000, 0x00000006cc700000, 0x000000076b400000)
  object space 175104K, 17% used [0x00000006c1c00000,0x00000006c3a110e8,0x00000006cc700000)
 Metaspace       used 21006K, capacity 21257K, committed 21296K, reserved 1067008K
  class space    used 2982K, capacity 3081K, committed 3120K, reserved 1048576K
Event: 3.871 GC heap after
Heap after GC invocations=6 (full 1):
 PSYoungGen      total 141824K, used 0K [0x000000076b400000, 0x000000077e300000, 0x00000007c0000000)
  eden space 131072K, 0% used [0x000000076b400000,0x000000076b400000,0x0000000773400000)
  from space 10752K, 0% used [0x0000000773400000,0x0000000773400000,0x0000000773e80000)
  to   space 24064K, 0% used [0x000000077cb80000,0x000000077cb80000,0x000000077e300000)
 ParOldGen       total 136704K, used 29357K [0x00000006c1c00000, 0x00000006ca180000, 0x000000076b400000)
  object space 136704K, 21% used [0x00000006c1c00000,0x00000006c38ab758,0x00000006ca180000)
 Metaspace       used 21006K, capacity 21257K, committed 21296K, reserved 1067008K
  class space    used 2982K, capacity 3081K, committed 3120K, reserved 1048576K
}
Event: 4.581 GC heap before
{Heap before GC invocations=7 (full 1):
 PSYoungGen      total 141824K, used 131072K [0x000000076b400000, 0x000000077e300000, 0x00000007c0000000)
  eden space 131072K, 100% used [0x000000076b400000,0x0000000773400000,0x0000000773400000)
  from space 10752K, 0% used [0x0000000773400000,0x0000000773400000,0x0000000773e80000)
  to   space 24064K, 0% used [0x000000077cb80000,0x000000077cb80000,0x000000077e300000)
 ParOldGen       total 136704K, used 29357K [0x00000006c1c00000, 0x00000006ca180000, 0x000000076b400000)
  object space 136704K, 21% used [0x00000006c1c00000,0x00000006c38ab758,0x00000006ca180000)
 Metaspace       used 26061K, capacity 26457K, committed 26672K, reserved 1071104K
  class space    used 3974K, capacity 4087K, committed 4144K, reserved 1048576K
Event: 4.585 GC heap after
Heap after GC invocations=7 (full 1):
 PSYoungGen      total 206336K, used 5663K [0x000000076b400000, 0x000000077d180000, 0x00000007c0000000)
  eden space 200192K, 0% used [0x000000076b400000,0x000000076b400000,0x0000000777780000)
  from space 6144K, 92% used [0x000000077cb80000,0x000000077d107f60,0x000000077d180000)
  to   space 25600K, 0% used [0x0000000779f80000,0x0000000779f80000,0x000000077b880000)
 ParOldGen       total 136704K, used 29365K [0x00000006c1c00000, 0x00000006ca180000, 0x000000076b400000)
  object space 136704K, 21% used [0x00000006c1c00000,0x00000006c38ad758,0x00000006ca180000)
 Metaspace       used 26061K, capacity 26457K, committed 26672K, reserved 1071104K
  class space    used 3974K, capacity 4087K, committed 4144K, reserved 1048576K
}
Event: 5.744 GC heap before
{Heap before GC invocations=8 (full 1):
 PSYoungGen      total 206336K, used 205855K [0x000000076b400000, 0x000000077d180000, 0x00000007c0000000)
  eden space 200192K, 100% used [0x000000076b400000,0x0000000777780000,0x0000000777780000)
  from space 6144K, 92% used [0x000000077cb80000,0x000000077d107f60,0x000000077d180000)
  to   space 25600K, 0% used [0x0000000779f80000,0x0000000779f80000,0x000000077b880000)
 ParOldGen       total 136704K, used 29365K [0x00000006c1c00000, 0x00000006ca180000, 0x000000076b400000)
  object space 136704K, 21% used [0x00000006c1c00000,0x00000006c38ad758,0x00000006ca180000)
 Metaspace       used 32719K, capacity 33117K, committed 33328K, reserved 1077248K
  class space    used 5001K, capacity 5113K, committed 5168K, reserved 1048576K
Event: 5.749 GC heap after
Heap after GC invocations=8 (full 1):
 PSYoungGen      total 266752K, used 8580K [0x000000076b400000, 0x0000000780800000, 0x00000007c0000000)
  eden space 241152K, 0% used [0x000000076b400000,0x000000076b400000,0x0000000779f80000)
  from space 25600K, 33% used [0x0000000779f80000,0x000000077a7e1218,0x000000077b880000)
  to   space 25600K, 0% used [0x000000077ef00000,0x000000077ef00000,0x0000000780800000)
 ParOldGen       total 136704K, used 29373K [0x00000006c1c00000, 0x00000006ca180000, 0x000000076b400000)
  object space 136704K, 21% used [0x00000006c1c00000,0x00000006c38af758,0x00000006ca180000)
 Metaspace       used 32719K, capacity 33117K, committed 33328K, reserved 1077248K
  class space    used 5001K, capacity 5113K, committed 5168K, reserved 1048576K
}
Event: 6.651 GC heap before
{Heap before GC invocations=9 (full 1):
 PSYoungGen      total 266752K, used 249732K [0x000000076b400000, 0x0000000780800000, 0x00000007c0000000)
  eden space 241152K, 100% used [0x000000076b400000,0x0000000779f80000,0x0000000779f80000)
  from space 25600K, 33% used [0x0000000779f80000,0x000000077a7e1218,0x000000077b880000)
  to   space 25600K, 0% used [0x000000077ef00000,0x000000077ef00000,0x0000000780800000)
 ParOldGen       total 136704K, used 29373K [0x00000006c1c00000, 0x00000006ca180000, 0x000000076b400000)
  object space 136704K, 21% used [0x00000006c1c00000,0x00000006c38af758,0x00000006ca180000)
 Metaspace       used 34402K, capacity 34781K, committed 35120K, reserved 1079296K
  class space    used 5196K, capacity 5305K, committed 5424K, reserved 1048576K
Event: 6.654 GC heap after
Heap after GC invocations=9 (full 1):
 PSYoungGen      total 321536K, used 3930K [0x000000076b400000, 0x0000000783a80000, 0x00000007c0000000)
  eden space 295936K, 0% used [0x000000076b400000,0x000000076b400000,0x000000077d500000)
  from space 25600K, 15% used [0x000000077ef00000,0x000000077f2d69a0,0x0000000780800000)
  to   space 26624K, 0% used [0x000000077d500000,0x000000077d500000,0x000000077ef00000)
 ParOldGen       total 136704K, used 29381K [0x00000006c1c00000, 0x00000006ca180000, 0x000000076b400000)
  object space 136704K, 21% used [0x00000006c1c00000,0x00000006c38b1758,0x00000006ca180000)
 Metaspace       used 34402K, capacity 34781K, committed 35120K, reserved 1079296K
  class space    used 5196K, capacity 5305K, committed 5424K, reserved 1048576K
}

