# JRE version: Java(TM) SE Runtime Environment (8.0_221-b11) (build 1.8.0_221-b11)
# Java VM: Java HotSpot(TM) 64-Bit Server VM (25.221-b11 mixed mode windows-amd64 compressed oops)
Heap:
 PSYoungGen      total 323584K, used 39666K [0x000000076b400000, 0x0000000783a00000, 0x00000007c0000000)
  eden space 297984K, 11% used [0x000000076b400000,0x000000076d6e0f80,0x000000077d700000)
  from space 25600K, 15% used [0x000000077f080000,0x000000077f45b9b0,0x0000000780980000)
  to   space 26112K, 0% used [0x000000077d700000,0x000000077d700000,0x000000077f080000)
 ParOldGen       total 135680K, used 29305K [0x00000006c1c00000, 0x00000006ca080000, 0x000000076b400000)
  object space 135680K, 21% used [0x00000006c1c00000,0x00000006c389e5c0,0x00000006ca080000)
 Metaspace       used 34501K, capacity 34850K, committed 35072K, reserved 1079296K
  class space    used 5204K, capacity 5305K, committed 5376K, reserved 1048576K
GC Heap History (10 events):
Event: 4.055 GC heap before
{Heap before GC invocations=5 (full 0):
 PSYoungGen      total 141824K, used 120005K [0x000000076b400000, 0x0000000774900000, 0x00000007c0000000)
  eden space 131072K, 83% used [0x000000076b400000,0x0000000771eb1a98,0x0000000773400000)
  from space 10752K, 99% used [0x0000000773e80000,0x00000007748ffd18,0x0000000774900000)
  to   space 10752K, 0% used [0x0000000773400000,0x0000000773400000,0x0000000773e80000)
 ParOldGen       total 175104K, used 25357K [0x00000006c1c00000, 0x00000006cc700000, 0x000000076b400000)
  object space 175104K, 14% used [0x00000006c1c00000,0x00000006c34c3470,0x00000006cc700000)
 Metaspace       used 20951K, capacity 21168K, committed 21248K, reserved 1067008K
  class space    used 2976K, capacity 3048K, committed 3072K, reserved 1048576K
Event: 4.066 GC heap after
Heap after GC invocations=5 (full 0):
 PSYoungGen      total 141824K, used 10751K [0x000000076b400000, 0x000000077e300000, 0x00000007c0000000)
  eden space 131072K, 0% used [0x000000076b400000,0x000000076b400000,0x0000000773400000)
  from space 10752K, 99% used [0x0000000773400000,0x0000000773e7fd18,0x0000000773e80000)
  to   space 24064K, 0% used [0x000000077cb80000,0x000000077cb80000,0x000000077e300000)
 ParOldGen       total 175104K, used 30497K [0x00000006c1c00000, 0x00000006cc700000, 0x000000076b400000)
  object space 175104K, 17% used [0x00000006c1c00000,0x00000006c39c8590,0x00000006cc700000)
 Metaspace       used 20951K, capacity 21168K, committed 21248K, reserved 1067008K
  class space    used 2976K, capacity 3048K, committed 3072K, reserved 1048576K
}
Event: 4.066 GC heap before
{Heap before GC invocations=6 (full 1):
 PSYoungGen      total 141824K, used 10751K [0x000000076b400000, 0x000000077e300000, 0x00000007c0000000)
  eden space 131072K, 0% used [0x000000076b400000,0x000000076b400000,0x0000000773400000)
  from space 10752K, 99% used [0x0000000773400000,0x0000000773e7fd18,0x0000000773e80000)
  to   space 24064K, 0% used [0x000000077cb80000,0x000000077cb80000,0x000000077e300000)
 ParOldGen       total 175104K, used 30497K [0x00000006c1c00000, 0x00000006cc700000, 0x000000076b400000)
  object space 175104K, 17% used [0x00000006c1c00000,0x00000006c39c8590,0x00000006cc700000)
 Metaspace       used 20951K, capacity 21168K, committed 21248K, reserved 1067008K
  class space    used 2976K, capacity 3048K, committed 3072K, reserved 1048576K
Event: 4.111 GC heap after
Heap after GC invocations=6 (full 1):
 PSYoungGen      total 141824K, used 0K [0x000000076b400000, 0x000000077e300000, 0x00000007c0000000)
  eden space 131072K, 0% used [0x000000076b400000,0x000000076b400000,0x0000000773400000)
  from space 10752K, 0% used [0x0000000773400000,0x0000000773400000,0x0000000773e80000)
  to   space 24064K, 0% used [0x000000077cb80000,0x000000077cb80000,0x000000077e300000)
 ParOldGen       total 135680K, used 29281K [0x00000006c1c00000, 0x00000006ca080000, 0x000000076b400000)
  object space 135680K, 21% used [0x00000006c1c00000,0x00000006c38985c0,0x00000006ca080000)
 Metaspace       used 20951K, capacity 21168K, committed 21248K, reserved 1067008K
  class space    used 2976K, capacity 3048K, committed 3072K, reserved 1048576K
}
Event: 4.919 GC heap before
{Heap before GC invocations=7 (full 1):
 PSYoungGen      total 141824K, used 131072K [0x000000076b400000, 0x000000077e300000, 0x00000007c0000000)
  eden space 131072K, 100% used [0x000000076b400000,0x0000000773400000,0x0000000773400000)
  from space 10752K, 0% used [0x0000000773400000,0x0000000773400000,0x0000000773e80000)
  to   space 24064K, 0% used [0x000000077cb80000,0x000000077cb80000,0x000000077e300000)
 ParOldGen       total 135680K, used 29281K [0x00000006c1c00000, 0x00000006ca080000, 0x000000076b400000)
  object space 135680K, 21% used [0x00000006c1c00000,0x00000006c38985c0,0x00000006ca080000)
 Metaspace       used 26158K, capacity 26558K, committed 26752K, reserved 1071104K
  class space    used 3985K, capacity 4119K, committed 4224K, reserved 1048576K
Event: 4.923 GC heap after
Heap after GC invocations=7 (full 1):
 PSYoungGen      total 206848K, used 5697K [0x000000076b400000, 0x000000077d180000, 0x00000007c0000000)
  eden space 200704K, 0% used [0x000000076b400000,0x000000076b400000,0x0000000777800000)
  from space 6144K, 92% used [0x000000077cb80000,0x000000077d1104a0,0x000000077d180000)
  to   space 25600K, 0% used [0x0000000779f80000,0x0000000779f80000,0x000000077b880000)
 ParOldGen       total 135680K, used 29289K [0x00000006c1c00000, 0x00000006ca080000, 0x000000076b400000)
  object space 135680K, 21% used [0x00000006c1c00000,0x00000006c389a5c0,0x00000006ca080000)
 Metaspace       used 26158K, capacity 26558K, committed 26752K, reserved 1071104K
  class space    used 3985K, capacity 4119K, committed 4224K, reserved 1048576K
}
Event: 6.110 GC heap before
{Heap before GC invocations=8 (full 1):
 PSYoungGen      total 206848K, used 206401K [0x000000076b400000, 0x000000077d180000, 0x00000007c0000000)
  eden space 200704K, 100% used [0x000000076b400000,0x0000000777800000,0x0000000777800000)
  from space 6144K, 92% used [0x000000077cb80000,0x000000077d1104a0,0x000000077d180000)
  to   space 25600K, 0% used [0x0000000779f80000,0x0000000779f80000,0x000000077b880000)
 ParOldGen       total 135680K, used 29289K [0x00000006c1c00000, 0x00000006ca080000, 0x000000076b400000)
  object space 135680K, 21% used [0x00000006c1c00000,0x00000006c389a5c0,0x00000006ca080000)
 Metaspace       used 32754K, capacity 33122K, committed 33280K, reserved 1077248K
  class space    used 5005K, capacity 5113K, committed 5120K, reserved 1048576K
Event: 6.115 GC heap after
Heap after GC invocations=8 (full 1):
 PSYoungGen      total 266752K, used 8533K [0x000000076b400000, 0x0000000780980000, 0x00000007c0000000)
  eden space 241152K, 0% used [0x000000076b400000,0x000000076b400000,0x0000000779f80000)
  from space 25600K, 33% used [0x0000000779f80000,0x000000077a7d56e8,0x000000077b880000)
  to   space 25600K, 0% used [0x000000077f080000,0x000000077f080000,0x0000000780980000)
 ParOldGen       total 135680K, used 29297K [0x00000006c1c00000, 0x00000006ca080000, 0x000000076b400000)
  object space 135680K, 21% used [0x00000006c1c00000,0x00000006c389c5c0,0x00000006ca080000)
 Metaspace       used 32754K, capacity 33122K, committed 33280K, reserved 1077248K
  class space    used 5005K, capacity 5113K, committed 5120K, reserved 1048576K
}
Event: 7.104 GC heap before
{Heap before GC invocations=9 (full 1):
 PSYoungGen      total 266752K, used 249685K [0x000000076b400000, 0x0000000780980000, 0x00000007c0000000)
  eden space 241152K, 100% used [0x000000076b400000,0x0000000779f80000,0x0000000779f80000)
  from space 25600K, 33% used [0x0000000779f80000,0x000000077a7d56e8,0x000000077b880000)
  to   space 25600K, 0% used [0x000000077f080000,0x000000077f080000,0x0000000780980000)
 ParOldGen       total 135680K, used 29297K [0x00000006c1c00000, 0x00000006ca080000, 0x000000076b400000)
  object space 135680K, 21% used [0x00000006c1c00000,0x00000006c389c5c0,0x00000006ca080000)
 Metaspace       used 34439K, capacity 34786K, committed 35072K, reserved 1079296K
  class space    used 5200K, capacity 5305K, committed 5376K, reserved 1048576K
Event: 7.107 GC heap after
Heap after GC invocations=9 (full 1):
 PSYoungGen      total 323584K, used 3950K [0x000000076b400000, 0x0000000783a00000, 0x00000007c0000000)
  eden space 297984K, 0% used [0x000000076b400000,0x000000076b400000,0x000000077d700000)
  from space 25600K, 15% used [0x000000077f080000,0x000000077f45b9b0,0x0000000780980000)
  to   space 26112K, 0% used [0x000000077d700000,0x000000077d700000,0x000000077f080000)
 ParOldGen       total 135680K, used 29305K [0x00000006c1c00000, 0x00000006ca080000, 0x000000076b400000)
  object space 135680K, 21% used [0x00000006c1c00000,0x00000006c389e5c0,0x00000006ca080000)
 Metaspace       used 34439K, capacity 34786K, committed 35072K, reserved 1079296K
  class space    used 5200K, capacity 5305K, committed 5376K, reserved 1048576K
}

