# JRE version: Java(TM) SE Runtime Environment (8.0_221-b11) (build 1.8.0_221-b11)
# Java VM: Java HotSpot(TM) 64-Bit Server VM (25.221-b11 mixed mode windows-amd64 compressed oops)
Heap:
 PSYoungGen      total 116224K, used 8091K [0x000000076b400000, 0x0000000778380000, 0x00000007c0000000)
  eden space 115200K, 7% used [0x000000076b400000,0x000000076bbe6d18,0x0000000772480000)
  from space 1024K, 0% used [0x0000000778280000,0x0000000778280000,0x0000000778380000)
  to   space 27136K, 0% used [0x0000000774e80000,0x0000000774e80000,0x0000000776900000)
 ParOldGen       total 168960K, used 28200K [0x00000006c1c00000, 0x00000006cc100000, 0x000000076b400000)
  object space 168960K, 16% used [0x00000006c1c00000,0x00000006c378a370,0x00000006cc100000)
 Metaspace       used 35158K, capacity 35522K, committed 35672K, reserved 1079296K
  class space    used 5247K, capacity 5337K, committed 5376K, reserved 1048576K
GC Heap History (10 events):
Event: 17.482 GC heap before
{Heap before GC invocations=8 (full 1):
 PSYoungGen      total 149504K, used 131070K [0x000000076b400000, 0x000000077b880000, 0x00000007c0000000)
  eden space 125440K, 100% used [0x000000076b400000,0x0000000772e80000,0x0000000772e80000)
  from space 24064K, 23% used [0x0000000774780000,0x0000000774cff9f8,0x0000000775f00000)
  to   space 25600K, 0% used [0x0000000772e80000,0x0000000772e80000,0x0000000774780000)
 ParOldGen       total 125952K, used 29389K [0x00000006c1c00000, 0x00000006c9700000, 0x000000076b400000)
  object space 125952K, 23% used [0x00000006c1c00000,0x00000006c38b3740,0x00000006c9700000)
 Metaspace       used 30748K, capacity 31134K, committed 31232K, reserved 1075200K
  class space    used 4754K, capacity 4855K, committed 4864K, reserved 1048576K
Event: 17.486 GC heap after
Heap after GC invocations=8 (full 1):
 PSYoungGen      total 151040K, used 6651K [0x000000076b400000, 0x000000077b580000, 0x00000007c0000000)
  eden space 125440K, 0% used [0x000000076b400000,0x000000076b400000,0x0000000772e80000)
  from space 25600K, 25% used [0x0000000772e80000,0x00000007734fec78,0x0000000774780000)
  to   space 26112K, 0% used [0x0000000779c00000,0x0000000779c00000,0x000000077b580000)
 ParOldGen       total 125952K, used 29397K [0x00000006c1c00000, 0x00000006c9700000, 0x000000076b400000)
  object space 125952K, 23% used [0x00000006c1c00000,0x00000006c38b5740,0x00000006c9700000)
 Metaspace       used 30748K, capacity 31134K, committed 31232K, reserved 1075200K
  class space    used 4754K, capacity 4855K, committed 4864K, reserved 1048576K
}
Event: 19.090 GC heap before
{Heap before GC invocations=9 (full 1):
 PSYoungGen      total 151040K, used 132091K [0x000000076b400000, 0x000000077b580000, 0x00000007c0000000)
  eden space 125440K, 100% used [0x000000076b400000,0x0000000772e80000,0x0000000772e80000)
  from space 25600K, 25% used [0x0000000772e80000,0x00000007734fec78,0x0000000774780000)
  to   space 26112K, 0% used [0x0000000779c00000,0x0000000779c00000,0x000000077b580000)
 ParOldGen       total 125952K, used 29397K [0x00000006c1c00000, 0x00000006c9700000, 0x000000076b400000)
  object space 125952K, 23% used [0x00000006c1c00000,0x00000006c38b5740,0x00000006c9700000)
 Metaspace       used 34133K, capacity 34498K, committed 34816K, reserved 1079296K
  class space    used 5180K, capacity 5273K, committed 5376K, reserved 1048576K
Event: 19.093 GC heap after
Heap after GC invocations=9 (full 1):
 PSYoungGen      total 127488K, used 5499K [0x000000076b400000, 0x000000077a180000, 0x00000007c0000000)
  eden space 121856K, 0% used [0x000000076b400000,0x000000076b400000,0x0000000772b00000)
  from space 5632K, 97% used [0x0000000779c00000,0x000000077a15ed38,0x000000077a180000)
  to   space 26112K, 0% used [0x0000000776e80000,0x0000000776e80000,0x0000000778800000)
 ParOldGen       total 125952K, used 29405K [0x00000006c1c00000, 0x00000006c9700000, 0x000000076b400000)
  object space 125952K, 23% used [0x00000006c1c00000,0x00000006c38b7740,0x00000006c9700000)
 Metaspace       used 34133K, capacity 34498K, committed 34816K, reserved 1079296K
  class space    used 5180K, capacity 5273K, committed 5376K, reserved 1048576K
}
Event: 19.526 GC heap before
{Heap before GC invocations=10 (full 1):
 PSYoungGen      total 127488K, used 127355K [0x000000076b400000, 0x000000077a180000, 0x00000007c0000000)
  eden space 121856K, 100% used [0x000000076b400000,0x0000000772b00000,0x0000000772b00000)
  from space 5632K, 97% used [0x0000000779c00000,0x000000077a15ed38,0x000000077a180000)
  to   space 26112K, 0% used [0x0000000776e80000,0x0000000776e80000,0x0000000778800000)
 ParOldGen       total 125952K, used 29405K [0x00000006c1c00000, 0x00000006c9700000, 0x000000076b400000)
  object space 125952K, 23% used [0x00000006c1c00000,0x00000006c38b7740,0x00000006c9700000)
 Metaspace       used 34506K, capacity 34914K, committed 35072K, reserved 1079296K
  class space    used 5184K, capacity 5305K, committed 5376K, reserved 1048576K
Event: 19.529 GC heap after
Heap after GC invocations=10 (full 1):
 PSYoungGen      total 120320K, used 2004K [0x000000076b400000, 0x0000000779c80000, 0x00000007c0000000)
  eden space 118272K, 0% used [0x000000076b400000,0x000000076b400000,0x0000000772780000)
  from space 2048K, 97% used [0x0000000776e80000,0x00000007770751f8,0x0000000777080000)
  to   space 26624K, 0% used [0x0000000778280000,0x0000000778280000,0x0000000779c80000)
 ParOldGen       total 125952K, used 30623K [0x00000006c1c00000, 0x00000006c9700000, 0x000000076b400000)
  object space 125952K, 24% used [0x00000006c1c00000,0x00000006c39e7f30,0x00000006c9700000)
 Metaspace       used 34506K, capacity 34914K, committed 35072K, reserved 1079296K
  class space    used 5184K, capacity 5305K, committed 5376K, reserved 1048576K
}
Event: 20.515 GC heap before
{Heap before GC invocations=11 (full 1):
 PSYoungGen      total 120320K, used 83611K [0x000000076b400000, 0x0000000779c80000, 0x00000007c0000000)
  eden space 118272K, 68% used [0x000000076b400000,0x00000007703b1ce0,0x0000000772780000)
  from space 2048K, 97% used [0x0000000776e80000,0x00000007770751f8,0x0000000777080000)
  to   space 26624K, 0% used [0x0000000778280000,0x0000000778280000,0x0000000779c80000)
 ParOldGen       total 125952K, used 30623K [0x00000006c1c00000, 0x00000006c9700000, 0x000000076b400000)
  object space 125952K, 24% used [0x00000006c1c00000,0x00000006c39e7f30,0x00000006c9700000)
 Metaspace       used 34889K, capacity 35266K, committed 35416K, reserved 1079296K
  class space    used 5218K, capacity 5337K, committed 5376K, reserved 1048576K
Event: 20.517 GC heap after
Heap after GC invocations=11 (full 1):
 PSYoungGen      total 116224K, used 655K [0x000000076b400000, 0x0000000778380000, 0x00000007c0000000)
  eden space 115200K, 0% used [0x000000076b400000,0x000000076b400000,0x0000000772480000)
  from space 1024K, 64% used [0x0000000778280000,0x0000000778323da8,0x0000000778380000)
  to   space 27136K, 0% used [0x0000000774e80000,0x0000000774e80000,0x0000000776900000)
 ParOldGen       total 125952K, used 32422K [0x00000006c1c00000, 0x00000006c9700000, 0x000000076b400000)
  object space 125952K, 25% used [0x00000006c1c00000,0x00000006c3ba9920,0x00000006c9700000)
 Metaspace       used 34889K, capacity 35266K, committed 35416K, reserved 1079296K
  class space    used 5218K, capacity 5337K, committed 5376K, reserved 1048576K
}
Event: 20.517 GC heap before
{Heap before GC invocations=12 (full 2):
 PSYoungGen      total 116224K, used 655K [0x000000076b400000, 0x0000000778380000, 0x00000007c0000000)
  eden space 115200K, 0% used [0x000000076b400000,0x000000076b400000,0x0000000772480000)
  from space 1024K, 64% used [0x0000000778280000,0x0000000778323da8,0x0000000778380000)
  to   space 27136K, 0% used [0x0000000774e80000,0x0000000774e80000,0x0000000776900000)
 ParOldGen       total 125952K, used 32422K [0x00000006c1c00000, 0x00000006c9700000, 0x000000076b400000)
  object space 125952K, 25% used [0x00000006c1c00000,0x00000006c3ba9920,0x00000006c9700000)
 Metaspace       used 34889K, capacity 35266K, committed 35416K, reserved 1079296K
  class space    used 5218K, capacity 5337K, committed 5376K, reserved 1048576K
Event: 20.553 GC heap after
Heap after GC invocations=12 (full 2):
 PSYoungGen      total 116224K, used 0K [0x000000076b400000, 0x0000000778380000, 0x00000007c0000000)
  eden space 115200K, 0% used [0x000000076b400000,0x000000076b400000,0x0000000772480000)
  from space 1024K, 0% used [0x0000000778280000,0x0000000778280000,0x0000000778380000)
  to   space 27136K, 0% used [0x0000000774e80000,0x0000000774e80000,0x0000000776900000)
 ParOldGen       total 168960K, used 28200K [0x00000006c1c00000, 0x00000006cc100000, 0x000000076b400000)
  object space 168960K, 16% used [0x00000006c1c00000,0x00000006c378a370,0x00000006cc100000)
 Metaspace       used 34889K, capacity 35266K, committed 35416K, reserved 1079296K
  class space    used 5218K, capacity 5337K, committed 5376K, reserved 1048576K
}

