# JRE version: Java(TM) SE Runtime Environment (8.0_221-b11) (build 1.8.0_221-b11)
# Java VM: Java HotSpot(TM) 64-Bit Server VM (25.221-b11 mixed mode windows-amd64 compressed oops)
Heap:
 PSYoungGen      total 292352K, used 49271K [0x000000076b400000, 0x0000000782680000, 0x00000007c0000000)
  eden space 266752K, 16% used [0x000000076b400000,0x000000076e00b3a0,0x000000077b880000)
  from space 25600K, 16% used [0x000000077d180000,0x000000077d592888,0x000000077ea80000)
  to   space 25600K, 0% used [0x000000077b880000,0x000000077b880000,0x000000077d180000)
 ParOldGen       total 143360K, used 29324K [0x00000006c1c00000, 0x00000006ca800000, 0x000000076b400000)
  object space 143360K, 20% used [0x00000006c1c00000,0x00000006c38a3110,0x00000006ca800000)
 Metaspace       used 34490K, capacity 34850K, committed 35072K, reserved 1079296K
  class space    used 5203K, capacity 5305K, committed 5376K, reserved 1048576K
GC Heap History (10 events):
Event: 4.344 GC heap before
{Heap before GC invocations=5 (full 0):
 PSYoungGen      total 141824K, used 113903K [0x000000076b400000, 0x0000000774900000, 0x00000007c0000000)
  eden space 131072K, 83% used [0x000000076b400000,0x0000000771f0a908,0x0000000773400000)
  from space 10752K, 39% used [0x0000000773e80000,0x00000007742b1528,0x0000000774900000)
  to   space 10752K, 0% used [0x0000000773400000,0x0000000773400000,0x0000000773e80000)
 ParOldGen       total 175104K, used 24763K [0x00000006c1c00000, 0x00000006cc700000, 0x000000076b400000)
  object space 175104K, 14% used [0x00000006c1c00000,0x00000006c342efb0,0x00000006cc700000)
 Metaspace       used 20965K, capacity 21168K, committed 21248K, reserved 1067008K
  class space    used 2978K, capacity 3048K, committed 3072K, reserved 1048576K
Event: 4.354 GC heap after
Heap after GC invocations=5 (full 0):
 PSYoungGen      total 141824K, used 8902K [0x000000076b400000, 0x000000077e800000, 0x00000007c0000000)
  eden space 131072K, 0% used [0x000000076b400000,0x000000076b400000,0x0000000773400000)
  from space 10752K, 82% used [0x0000000773400000,0x0000000773cb19b8,0x0000000773e80000)
  to   space 26624K, 0% used [0x000000077ce00000,0x000000077ce00000,0x000000077e800000)
 ParOldGen       total 175104K, used 24771K [0x00000006c1c00000, 0x00000006cc700000, 0x000000076b400000)
  object space 175104K, 14% used [0x00000006c1c00000,0x00000006c3430fb0,0x00000006cc700000)
 Metaspace       used 20965K, capacity 21168K, committed 21248K, reserved 1067008K
  class space    used 2978K, capacity 3048K, committed 3072K, reserved 1048576K
}
Event: 4.354 GC heap before
{Heap before GC invocations=6 (full 1):
 PSYoungGen      total 141824K, used 8902K [0x000000076b400000, 0x000000077e800000, 0x00000007c0000000)
  eden space 131072K, 0% used [0x000000076b400000,0x000000076b400000,0x0000000773400000)
  from space 10752K, 82% used [0x0000000773400000,0x0000000773cb19b8,0x0000000773e80000)
  to   space 26624K, 0% used [0x000000077ce00000,0x000000077ce00000,0x000000077e800000)
 ParOldGen       total 175104K, used 24771K [0x00000006c1c00000, 0x00000006cc700000, 0x000000076b400000)
  object space 175104K, 14% used [0x00000006c1c00000,0x00000006c3430fb0,0x00000006cc700000)
 Metaspace       used 20965K, capacity 21168K, committed 21248K, reserved 1067008K
  class space    used 2978K, capacity 3048K, committed 3072K, reserved 1048576K
Event: 4.410 GC heap after
Heap after GC invocations=6 (full 1):
 PSYoungGen      total 141824K, used 0K [0x000000076b400000, 0x000000077e800000, 0x00000007c0000000)
  eden space 131072K, 0% used [0x000000076b400000,0x000000076b400000,0x0000000773400000)
  from space 10752K, 0% used [0x0000000773400000,0x0000000773400000,0x0000000773e80000)
  to   space 26624K, 0% used [0x000000077ce00000,0x000000077ce00000,0x000000077e800000)
 ParOldGen       total 143360K, used 29300K [0x00000006c1c00000, 0x00000006ca800000, 0x000000076b400000)
  object space 143360K, 20% used [0x00000006c1c00000,0x00000006c389d110,0x00000006ca800000)
 Metaspace       used 20965K, capacity 21168K, committed 21248K, reserved 1067008K
  class space    used 2978K, capacity 3048K, committed 3072K, reserved 1048576K
}
Event: 5.286 GC heap before
{Heap before GC invocations=7 (full 1):
 PSYoungGen      total 141824K, used 131072K [0x000000076b400000, 0x000000077e800000, 0x00000007c0000000)
  eden space 131072K, 100% used [0x000000076b400000,0x0000000773400000,0x0000000773400000)
  from space 10752K, 0% used [0x0000000773400000,0x0000000773400000,0x0000000773e80000)
  to   space 26624K, 0% used [0x000000077ce00000,0x000000077ce00000,0x000000077e800000)
 ParOldGen       total 143360K, used 29300K [0x00000006c1c00000, 0x00000006ca800000, 0x000000076b400000)
  object space 143360K, 20% used [0x00000006c1c00000,0x00000006c389d110,0x00000006ca800000)
 Metaspace       used 26148K, capacity 26558K, committed 26752K, reserved 1071104K
  class space    used 3985K, capacity 4119K, committed 4224K, reserved 1048576K
Event: 5.290 GC heap after
Heap after GC invocations=7 (full 1):
 PSYoungGen      total 196096K, used 5652K [0x000000076b400000, 0x000000077d400000, 0x00000007c0000000)
  eden space 189952K, 0% used [0x000000076b400000,0x000000076b400000,0x0000000776d80000)
  from space 6144K, 91% used [0x000000077ce00000,0x000000077d3851c0,0x000000077d400000)
  to   space 26624K, 0% used [0x000000077a000000,0x000000077a000000,0x000000077ba00000)
 ParOldGen       total 143360K, used 29308K [0x00000006c1c00000, 0x00000006ca800000, 0x000000076b400000)
  object space 143360K, 20% used [0x00000006c1c00000,0x00000006c389f110,0x00000006ca800000)
 Metaspace       used 26148K, capacity 26558K, committed 26752K, reserved 1071104K
  class space    used 3985K, capacity 4119K, committed 4224K, reserved 1048576K
}
Event: 7.040 GC heap before
{Heap before GC invocations=8 (full 1):
 PSYoungGen      total 196096K, used 195604K [0x000000076b400000, 0x000000077d400000, 0x00000007c0000000)
  eden space 189952K, 100% used [0x000000076b400000,0x0000000776d80000,0x0000000776d80000)
  from space 6144K, 91% used [0x000000077ce00000,0x000000077d3851c0,0x000000077d400000)
  to   space 26624K, 0% used [0x000000077a000000,0x000000077a000000,0x000000077ba00000)
 ParOldGen       total 143360K, used 29308K [0x00000006c1c00000, 0x00000006ca800000, 0x000000076b400000)
  object space 143360K, 20% used [0x00000006c1c00000,0x00000006c389f110,0x00000006ca800000)
 Metaspace       used 31945K, capacity 32322K, committed 32512K, reserved 1077248K
  class space    used 4955K, capacity 5081K, committed 5120K, reserved 1048576K
Event: 7.046 GC heap after
Heap after GC invocations=8 (full 1):
 PSYoungGen      total 268288K, used 8116K [0x000000076b400000, 0x000000077ea80000, 0x00000007c0000000)
  eden space 241664K, 0% used [0x000000076b400000,0x000000076b400000,0x000000077a000000)
  from space 26624K, 30% used [0x000000077a000000,0x000000077a7ed358,0x000000077ba00000)
  to   space 25600K, 0% used [0x000000077d180000,0x000000077d180000,0x000000077ea80000)
 ParOldGen       total 143360K, used 29316K [0x00000006c1c00000, 0x00000006ca800000, 0x000000076b400000)
  object space 143360K, 20% used [0x00000006c1c00000,0x00000006c38a1110,0x00000006ca800000)
 Metaspace       used 31945K, capacity 32322K, committed 32512K, reserved 1077248K
  class space    used 4955K, capacity 5081K, committed 5120K, reserved 1048576K
}
Event: 8.164 GC heap before
{Heap before GC invocations=9 (full 1):
 PSYoungGen      total 268288K, used 249780K [0x000000076b400000, 0x000000077ea80000, 0x00000007c0000000)
  eden space 241664K, 100% used [0x000000076b400000,0x000000077a000000,0x000000077a000000)
  from space 26624K, 30% used [0x000000077a000000,0x000000077a7ed358,0x000000077ba00000)
  to   space 25600K, 0% used [0x000000077d180000,0x000000077d180000,0x000000077ea80000)
 ParOldGen       total 143360K, used 29316K [0x00000006c1c00000, 0x00000006ca800000, 0x000000076b400000)
  object space 143360K, 20% used [0x00000006c1c00000,0x00000006c38a1110,0x00000006ca800000)
 Metaspace       used 34430K, capacity 34786K, committed 35072K, reserved 1079296K
  class space    used 5198K, capacity 5305K, committed 5376K, reserved 1048576K
Event: 8.167 GC heap after
Heap after GC invocations=9 (full 1):
 PSYoungGen      total 292352K, used 4170K [0x000000076b400000, 0x0000000782680000, 0x00000007c0000000)
  eden space 266752K, 0% used [0x000000076b400000,0x000000076b400000,0x000000077b880000)
  from space 25600K, 16% used [0x000000077d180000,0x000000077d592888,0x000000077ea80000)
  to   space 25600K, 0% used [0x000000077b880000,0x000000077b880000,0x000000077d180000)
 ParOldGen       total 143360K, used 29324K [0x00000006c1c00000, 0x00000006ca800000, 0x000000076b400000)
  object space 143360K, 20% used [0x00000006c1c00000,0x00000006c38a3110,0x00000006ca800000)
 Metaspace       used 34430K, capacity 34786K, committed 35072K, reserved 1079296K
  class space    used 5198K, capacity 5305K, committed 5376K, reserved 1048576K
}

