# JRE version: Java(TM) SE Runtime Environment (8.0_221-b11) (build 1.8.0_221-b11)
# Java VM: Java HotSpot(TM) 64-Bit Server VM (25.221-b11 mixed mode windows-amd64 compressed oops)
Heap:
 PSYoungGen      total 324608K, used 42277K [0x000000076b400000, 0x0000000783a80000, 0x00000007c0000000)
  eden space 299008K, 12% used [0x000000076b400000,0x000000076d970938,0x000000077d800000)
  from space 25600K, 15% used [0x000000077f180000,0x000000077f558b38,0x0000000780a80000)
  to   space 26112K, 0% used [0x000000077d800000,0x000000077d800000,0x000000077f180000)
 ParOldGen       total 136192K, used 29311K [0x00000006c1c00000, 0x00000006ca100000, 0x000000076b400000)
  object space 136192K, 21% used [0x00000006c1c00000,0x00000006c389ff98,0x00000006ca100000)
 Metaspace       used 34520K, capacity 34914K, committed 35328K, reserved 1079296K
  class space    used 5203K, capacity 5305K, committed 5376K, reserved 1048576K
GC Heap History (10 events):
Event: 20.949 GC heap before
{Heap before GC invocations=5 (full 0):
 PSYoungGen      total 141824K, used 120005K [0x000000076b400000, 0x0000000774900000, 0x00000007c0000000)
  eden space 131072K, 83% used [0x000000076b400000,0x0000000771eb3620,0x0000000773400000)
  from space 10752K, 99% used [0x0000000773e80000,0x00000007748fdee0,0x0000000774900000)
  to   space 10752K, 0% used [0x0000000773400000,0x0000000773400000,0x0000000773e80000)
 ParOldGen       total 175104K, used 25269K [0x00000006c1c00000, 0x00000006cc700000, 0x000000076b400000)
  object space 175104K, 14% used [0x00000006c1c00000,0x00000006c34ad620,0x00000006cc700000)
 Metaspace       used 20961K, capacity 21168K, committed 21248K, reserved 1067008K
  class space    used 2976K, capacity 3048K, committed 3072K, reserved 1048576K
Event: 20.985 GC heap after
Heap after GC invocations=5 (full 0):
 PSYoungGen      total 141824K, used 10735K [0x000000076b400000, 0x000000077e300000, 0x00000007c0000000)
  eden space 131072K, 0% used [0x000000076b400000,0x000000076b400000,0x0000000773400000)
  from space 10752K, 99% used [0x0000000773400000,0x0000000773e7bd28,0x0000000773e80000)
  to   space 24064K, 0% used [0x000000077cb80000,0x000000077cb80000,0x000000077e300000)
 ParOldGen       total 175104K, used 30420K [0x00000006c1c00000, 0x00000006cc700000, 0x000000076b400000)
  object space 175104K, 17% used [0x00000006c1c00000,0x00000006c39b5010,0x00000006cc700000)
 Metaspace       used 20961K, capacity 21168K, committed 21248K, reserved 1067008K
  class space    used 2976K, capacity 3048K, committed 3072K, reserved 1048576K
}
Event: 20.985 GC heap before
{Heap before GC invocations=6 (full 1):
 PSYoungGen      total 141824K, used 10735K [0x000000076b400000, 0x000000077e300000, 0x00000007c0000000)
  eden space 131072K, 0% used [0x000000076b400000,0x000000076b400000,0x0000000773400000)
  from space 10752K, 99% used [0x0000000773400000,0x0000000773e7bd28,0x0000000773e80000)
  to   space 24064K, 0% used [0x000000077cb80000,0x000000077cb80000,0x000000077e300000)
 ParOldGen       total 175104K, used 30420K [0x00000006c1c00000, 0x00000006cc700000, 0x000000076b400000)
  object space 175104K, 17% used [0x00000006c1c00000,0x00000006c39b5010,0x00000006cc700000)
 Metaspace       used 20961K, capacity 21168K, committed 21248K, reserved 1067008K
  class space    used 2976K, capacity 3048K, committed 3072K, reserved 1048576K
Event: 21.168 GC heap after
Heap after GC invocations=6 (full 1):
 PSYoungGen      total 141824K, used 0K [0x000000076b400000, 0x000000077e300000, 0x00000007c0000000)
  eden space 131072K, 0% used [0x000000076b400000,0x000000076b400000,0x0000000773400000)
  from space 10752K, 0% used [0x0000000773400000,0x0000000773400000,0x0000000773e80000)
  to   space 24064K, 0% used [0x000000077cb80000,0x000000077cb80000,0x000000077e300000)
 ParOldGen       total 136192K, used 29287K [0x00000006c1c00000, 0x00000006ca100000, 0x000000076b400000)
  object space 136192K, 21% used [0x00000006c1c00000,0x00000006c3899f98,0x00000006ca100000)
 Metaspace       used 20961K, capacity 21168K, committed 21248K, reserved 1067008K
  class space    used 2976K, capacity 3048K, committed 3072K, reserved 1048576K
}
Event: 24.372 GC heap before
{Heap before GC invocations=7 (full 1):
 PSYoungGen      total 141824K, used 131072K [0x000000076b400000, 0x000000077e300000, 0x00000007c0000000)
  eden space 131072K, 100% used [0x000000076b400000,0x0000000773400000,0x0000000773400000)
  from space 10752K, 0% used [0x0000000773400000,0x0000000773400000,0x0000000773e80000)
  to   space 24064K, 0% used [0x000000077cb80000,0x000000077cb80000,0x000000077e300000)
 ParOldGen       total 136192K, used 29287K [0x00000006c1c00000, 0x00000006ca100000, 0x000000076b400000)
  object space 136192K, 21% used [0x00000006c1c00000,0x00000006c3899f98,0x00000006ca100000)
 Metaspace       used 26239K, capacity 26686K, committed 27008K, reserved 1073152K
  class space    used 3989K, capacity 4119K, committed 4224K, reserved 1048576K
Event: 24.385 GC heap after
Heap after GC invocations=7 (full 1):
 PSYoungGen      total 206848K, used 5843K [0x000000076b400000, 0x000000077d180000, 0x00000007c0000000)
  eden space 200704K, 0% used [0x000000076b400000,0x000000076b400000,0x0000000777800000)
  from space 6144K, 95% used [0x000000077cb80000,0x000000077d134eb8,0x000000077d180000)
  to   space 25600K, 0% used [0x0000000779f80000,0x0000000779f80000,0x000000077b880000)
 ParOldGen       total 136192K, used 29295K [0x00000006c1c00000, 0x00000006ca100000, 0x000000076b400000)
  object space 136192K, 21% used [0x00000006c1c00000,0x00000006c389bf98,0x00000006ca100000)
 Metaspace       used 26239K, capacity 26686K, committed 27008K, reserved 1073152K
  class space    used 3989K, capacity 4119K, committed 4224K, reserved 1048576K
}
Event: 28.810 GC heap before
{Heap before GC invocations=8 (full 1):
 PSYoungGen      total 206848K, used 206547K [0x000000076b400000, 0x000000077d180000, 0x00000007c0000000)
  eden space 200704K, 100% used [0x000000076b400000,0x0000000777800000,0x0000000777800000)
  from space 6144K, 95% used [0x000000077cb80000,0x000000077d134eb8,0x000000077d180000)
  to   space 25600K, 0% used [0x0000000779f80000,0x0000000779f80000,0x000000077b880000)
 ParOldGen       total 136192K, used 29295K [0x00000006c1c00000, 0x00000006ca100000, 0x000000076b400000)
  object space 136192K, 21% used [0x00000006c1c00000,0x00000006c389bf98,0x00000006ca100000)
 Metaspace       used 32779K, capacity 33186K, committed 33536K, reserved 1077248K
  class space    used 5004K, capacity 5113K, committed 5120K, reserved 1048576K
Event: 28.829 GC heap after
Heap after GC invocations=8 (full 1):
 PSYoungGen      total 266752K, used 8359K [0x000000076b400000, 0x0000000780a80000, 0x00000007c0000000)
  eden space 241152K, 0% used [0x000000076b400000,0x000000076b400000,0x0000000779f80000)
  from space 25600K, 32% used [0x0000000779f80000,0x000000077a7a9d78,0x000000077b880000)
  to   space 25600K, 0% used [0x000000077f180000,0x000000077f180000,0x0000000780a80000)
 ParOldGen       total 136192K, used 29303K [0x00000006c1c00000, 0x00000006ca100000, 0x000000076b400000)
  object space 136192K, 21% used [0x00000006c1c00000,0x00000006c389df98,0x00000006ca100000)
 Metaspace       used 32779K, capacity 33186K, committed 33536K, reserved 1077248K
  class space    used 5004K, capacity 5113K, committed 5120K, reserved 1048576K
}
Event: 32.828 GC heap before
{Heap before GC invocations=9 (full 1):
 PSYoungGen      total 266752K, used 249511K [0x000000076b400000, 0x0000000780a80000, 0x00000007c0000000)
  eden space 241152K, 100% used [0x000000076b400000,0x0000000779f80000,0x0000000779f80000)
  from space 25600K, 32% used [0x0000000779f80000,0x000000077a7a9d78,0x000000077b880000)
  to   space 25600K, 0% used [0x000000077f180000,0x000000077f180000,0x0000000780a80000)
 ParOldGen       total 136192K, used 29303K [0x00000006c1c00000, 0x00000006ca100000, 0x000000076b400000)
  object space 136192K, 21% used [0x00000006c1c00000,0x00000006c389df98,0x00000006ca100000)
 Metaspace       used 34467K, capacity 34850K, committed 35072K, reserved 1079296K
  class space    used 5198K, capacity 5305K, committed 5376K, reserved 1048576K
Event: 32.838 GC heap after
Heap after GC invocations=9 (full 1):
 PSYoungGen      total 324608K, used 3938K [0x000000076b400000, 0x0000000783a80000, 0x00000007c0000000)
  eden space 299008K, 0% used [0x000000076b400000,0x000000076b400000,0x000000077d800000)
  from space 25600K, 15% used [0x000000077f180000,0x000000077f558b38,0x0000000780a80000)
  to   space 26112K, 0% used [0x000000077d800000,0x000000077d800000,0x000000077f180000)
 ParOldGen       total 136192K, used 29311K [0x00000006c1c00000, 0x00000006ca100000, 0x000000076b400000)
  object space 136192K, 21% used [0x00000006c1c00000,0x00000006c389ff98,0x00000006ca100000)
 Metaspace       used 34467K, capacity 34850K, committed 35072K, reserved 1079296K
  class space    used 5198K, capacity 5305K, committed 5376K, reserved 1048576K
}

