# JRE version: Java(TM) SE Runtime Environment (8.0_161-b12) (build 1.8.0_161-b12)
# Java VM: Java HotSpot(TM) 64-Bit Server VM (25.161-b12 mixed mode windows-amd64 compressed oops)
Heap:
 PSYoungGen      total 321024K, used 36642K [0x000000076b400000, 0x0000000783900000, 0x00000007c0000000)
  eden space 295424K, 11% used [0x000000076b400000,0x000000076d3f4fa0,0x000000077d480000)
  from space 25600K, 15% used [0x000000077ee80000,0x000000077f2539b0,0x0000000780780000)
  to   space 26624K, 0% used [0x000000077d480000,0x000000077d480000,0x000000077ee80000)
 ParOldGen       total 137216K, used 29389K [0x00000006c1c00000, 0x00000006ca200000, 0x000000076b400000)
  object space 137216K, 21% used [0x00000006c1c00000,0x00000006c38b3460,0x00000006ca200000)
 Metaspace       used 34470K, capacity 34841K, committed 35120K, reserved 1079296K
  class space    used 5200K, capacity 5305K, committed 5424K, reserved 1048576K
GC Heap History (10 events):
Event: 3.818 GC heap before
{Heap before GC invocations=5 (full 0):
 PSYoungGen      total 141824K, used 123772K [0x000000076b400000, 0x0000000774900000, 0x00000007c0000000)
  eden space 131072K, 86% used [0x000000076b400000,0x0000000772265510,0x0000000773400000)
  from space 10752K, 99% used [0x0000000773e80000,0x00000007748f9ed0,0x0000000774900000)
  to   space 10752K, 0% used [0x0000000773400000,0x0000000773400000,0x0000000773e80000)
 ParOldGen       total 175104K, used 25281K [0x00000006c1c00000, 0x00000006cc700000, 0x000000076b400000)
  object space 175104K, 14% used [0x00000006c1c00000,0x00000006c34b0680,0x00000006cc700000)
 Metaspace       used 21015K, capacity 21257K, committed 21296K, reserved 1067008K
  class space    used 2985K, capacity 3081K, committed 3120K, reserved 1048576K
Event: 3.827 GC heap after
Heap after GC invocations=5 (full 0):
 PSYoungGen      total 141824K, used 10751K [0x000000076b400000, 0x000000077e300000, 0x00000007c0000000)
  eden space 131072K, 0% used [0x000000076b400000,0x000000076b400000,0x0000000773400000)
  from space 10752K, 99% used [0x0000000773400000,0x0000000773e7fd18,0x0000000773e80000)
  to   space 24064K, 0% used [0x000000077cb80000,0x000000077cb80000,0x000000077e300000)
 ParOldGen       total 175104K, used 30453K [0x00000006c1c00000, 0x00000006cc700000, 0x000000076b400000)
  object space 175104K, 17% used [0x00000006c1c00000,0x00000006c39bd4c0,0x00000006cc700000)
 Metaspace       used 21015K, capacity 21257K, committed 21296K, reserved 1067008K
  class space    used 2985K, capacity 3081K, committed 3120K, reserved 1048576K
}
Event: 3.827 GC heap before
{Heap before GC invocations=6 (full 1):
 PSYoungGen      total 141824K, used 10751K [0x000000076b400000, 0x000000077e300000, 0x00000007c0000000)
  eden space 131072K, 0% used [0x000000076b400000,0x000000076b400000,0x0000000773400000)
  from space 10752K, 99% used [0x0000000773400000,0x0000000773e7fd18,0x0000000773e80000)
  to   space 24064K, 0% used [0x000000077cb80000,0x000000077cb80000,0x000000077e300000)
 ParOldGen       total 175104K, used 30453K [0x00000006c1c00000, 0x00000006cc700000, 0x000000076b400000)
  object space 175104K, 17% used [0x00000006c1c00000,0x00000006c39bd4c0,0x00000006cc700000)
 Metaspace       used 21015K, capacity 21257K, committed 21296K, reserved 1067008K
  class space    used 2985K, capacity 3081K, committed 3120K, reserved 1048576K
Event: 3.872 GC heap after
Heap after GC invocations=6 (full 1):
 PSYoungGen      total 141824K, used 0K [0x000000076b400000, 0x000000077e300000, 0x00000007c0000000)
  eden space 131072K, 0% used [0x000000076b400000,0x000000076b400000,0x0000000773400000)
  from space 10752K, 0% used [0x0000000773400000,0x0000000773400000,0x0000000773e80000)
  to   space 24064K, 0% used [0x000000077cb80000,0x000000077cb80000,0x000000077e300000)
 ParOldGen       total 137216K, used 29365K [0x00000006c1c00000, 0x00000006ca200000, 0x000000076b400000)
  object space 137216K, 21% used [0x00000006c1c00000,0x00000006c38ad460,0x00000006ca200000)
 Metaspace       used 21015K, capacity 21257K, committed 21296K, reserved 1067008K
  class space    used 2985K, capacity 3081K, committed 3120K, reserved 1048576K
}
Event: 4.620 GC heap before
{Heap before GC invocations=7 (full 1):
 PSYoungGen      total 141824K, used 131072K [0x000000076b400000, 0x000000077e300000, 0x00000007c0000000)
  eden space 131072K, 100% used [0x000000076b400000,0x0000000773400000,0x0000000773400000)
  from space 10752K, 0% used [0x0000000773400000,0x0000000773400000,0x0000000773e80000)
  to   space 24064K, 0% used [0x000000077cb80000,0x000000077cb80000,0x000000077e300000)
 ParOldGen       total 137216K, used 29365K [0x00000006c1c00000, 0x00000006ca200000, 0x000000076b400000)
  object space 137216K, 21% used [0x00000006c1c00000,0x00000006c38ad460,0x00000006ca200000)
 Metaspace       used 26170K, capacity 26517K, committed 26672K, reserved 1071104K
  class space    used 3989K, capacity 4087K, committed 4144K, reserved 1048576K
Event: 4.624 GC heap after
Heap after GC invocations=7 (full 1):
 PSYoungGen      total 205824K, used 5763K [0x000000076b400000, 0x000000077d180000, 0x00000007c0000000)
  eden space 199680K, 0% used [0x000000076b400000,0x000000076b400000,0x0000000777700000)
  from space 6144K, 93% used [0x000000077cb80000,0x000000077d120f20,0x000000077d180000)
  to   space 25600K, 0% used [0x0000000779f80000,0x0000000779f80000,0x000000077b880000)
 ParOldGen       total 137216K, used 29373K [0x00000006c1c00000, 0x00000006ca200000, 0x000000076b400000)
  object space 137216K, 21% used [0x00000006c1c00000,0x00000006c38af460,0x00000006ca200000)
 Metaspace       used 26170K, capacity 26517K, committed 26672K, reserved 1071104K
  class space    used 3989K, capacity 4087K, committed 4144K, reserved 1048576K
}
Event: 5.750 GC heap before
{Heap before GC invocations=8 (full 1):
 PSYoungGen      total 205824K, used 205443K [0x000000076b400000, 0x000000077d180000, 0x00000007c0000000)
  eden space 199680K, 100% used [0x000000076b400000,0x0000000777700000,0x0000000777700000)
  from space 6144K, 93% used [0x000000077cb80000,0x000000077d120f20,0x000000077d180000)
  to   space 25600K, 0% used [0x0000000779f80000,0x0000000779f80000,0x000000077b880000)
 ParOldGen       total 137216K, used 29373K [0x00000006c1c00000, 0x00000006ca200000, 0x000000076b400000)
  object space 137216K, 21% used [0x00000006c1c00000,0x00000006c38af460,0x00000006ca200000)
 Metaspace       used 32724K, capacity 33113K, committed 33328K, reserved 1077248K
  class space    used 5001K, capacity 5113K, committed 5168K, reserved 1048576K
Event: 5.756 GC heap after
Heap after GC invocations=8 (full 1):
 PSYoungGen      total 266752K, used 8424K [0x000000076b400000, 0x0000000780780000, 0x00000007c0000000)
  eden space 241152K, 0% used [0x000000076b400000,0x000000076b400000,0x0000000779f80000)
  from space 25600K, 32% used [0x0000000779f80000,0x000000077a7ba158,0x000000077b880000)
  to   space 25600K, 0% used [0x000000077ee80000,0x000000077ee80000,0x0000000780780000)
 ParOldGen       total 137216K, used 29381K [0x00000006c1c00000, 0x00000006ca200000, 0x000000076b400000)
  object space 137216K, 21% used [0x00000006c1c00000,0x00000006c38b1460,0x00000006ca200000)
 Metaspace       used 32724K, capacity 33113K, committed 33328K, reserved 1077248K
  class space    used 5001K, capacity 5113K, committed 5168K, reserved 1048576K
}
Event: 6.666 GC heap before
{Heap before GC invocations=9 (full 1):
 PSYoungGen      total 266752K, used 249576K [0x000000076b400000, 0x0000000780780000, 0x00000007c0000000)
  eden space 241152K, 100% used [0x000000076b400000,0x0000000779f80000,0x0000000779f80000)
  from space 25600K, 32% used [0x0000000779f80000,0x000000077a7ba158,0x000000077b880000)
  to   space 25600K, 0% used [0x000000077ee80000,0x000000077ee80000,0x0000000780780000)
 ParOldGen       total 137216K, used 29381K [0x00000006c1c00000, 0x00000006ca200000, 0x000000076b400000)
  object space 137216K, 21% used [0x00000006c1c00000,0x00000006c38b1460,0x00000006ca200000)
 Metaspace       used 34408K, capacity 34777K, committed 35120K, reserved 1079296K
  class space    used 5196K, capacity 5305K, committed 5424K, reserved 1048576K
Event: 6.669 GC heap after
Heap after GC invocations=9 (full 1):
 PSYoungGen      total 321024K, used 3918K [0x000000076b400000, 0x0000000783900000, 0x00000007c0000000)
  eden space 295424K, 0% used [0x000000076b400000,0x000000076b400000,0x000000077d480000)
  from space 25600K, 15% used [0x000000077ee80000,0x000000077f2539b0,0x0000000780780000)
  to   space 26624K, 0% used [0x000000077d480000,0x000000077d480000,0x000000077ee80000)
 ParOldGen       total 137216K, used 29389K [0x00000006c1c00000, 0x00000006ca200000, 0x000000076b400000)
  object space 137216K, 21% used [0x00000006c1c00000,0x00000006c38b3460,0x00000006ca200000)
 Metaspace       used 34408K, capacity 34777K, committed 35120K, reserved 1079296K
  class space    used 5196K, capacity 5305K, committed 5424K, reserved 1048576K
}

