# JRE version: Java(TM) SE Runtime Environment (8.0_161-b12) (build 1.8.0_161-b12)
# Java VM: Java HotSpot(TM) 64-Bit Server VM (25.161-b12 mixed mode windows-amd64 compressed oops)
Heap:
 PSYoungGen      total 302592K, used 51321K [0x000000076b400000, 0x0000000782d00000, 0x00000007c0000000)
  eden space 276480K, 17% used [0x000000076b400000,0x000000076e22fb10,0x000000077c200000)
  from space 26112K, 15% used [0x000000077db80000,0x000000077df6e9a0,0x000000077f500000)
  to   space 26112K, 0% used [0x000000077c200000,0x000000077c200000,0x000000077db80000)
 ParOldGen       total 142336K, used 29371K [0x00000006c1c00000, 0x00000006ca700000, 0x000000076b400000)
  object space 142336K, 20% used [0x00000006c1c00000,0x00000006c38aee90,0x00000006ca700000)
 Metaspace       used 34460K, capacity 34850K, committed 35072K, reserved 1079296K
  class space    used 5200K, capacity 5305K, committed 5376K, reserved 1048576K
GC Heap History (10 events):
Event: 4.208 GC heap before
{Heap before GC invocations=5 (full 0):
 PSYoungGen      total 141824K, used 116822K [0x000000076b400000, 0x0000000774900000, 0x00000007c0000000)
  eden space 131072K, 85% used [0x000000076b400000,0x00000007721c6be0,0x0000000773400000)
  from space 10752K, 41% used [0x0000000773e80000,0x00000007742cef80,0x0000000774900000)
  to   space 10752K, 0% used [0x0000000773400000,0x0000000773400000,0x0000000773e80000)
 ParOldGen       total 175104K, used 24180K [0x00000006c1c00000, 0x00000006cc700000, 0x000000076b400000)
  object space 175104K, 13% used [0x00000006c1c00000,0x00000006c339d0a8,0x00000006cc700000)
 Metaspace       used 20954K, capacity 21168K, committed 21248K, reserved 1067008K
  class space    used 2975K, capacity 3048K, committed 3072K, reserved 1048576K
Event: 4.215 GC heap after
Heap after GC invocations=5 (full 0):
 PSYoungGen      total 141824K, used 8867K [0x000000076b400000, 0x000000077e900000, 0x00000007c0000000)
  eden space 131072K, 0% used [0x000000076b400000,0x000000076b400000,0x0000000773400000)
  from space 10752K, 82% used [0x0000000773400000,0x0000000773ca8c28,0x0000000773e80000)
  to   space 27136K, 0% used [0x000000077ce80000,0x000000077ce80000,0x000000077e900000)
 ParOldGen       total 175104K, used 24188K [0x00000006c1c00000, 0x00000006cc700000, 0x000000076b400000)
  object space 175104K, 13% used [0x00000006c1c00000,0x00000006c339f0a8,0x00000006cc700000)
 Metaspace       used 20954K, capacity 21168K, committed 21248K, reserved 1067008K
  class space    used 2975K, capacity 3048K, committed 3072K, reserved 1048576K
}
Event: 4.215 GC heap before
{Heap before GC invocations=6 (full 1):
 PSYoungGen      total 141824K, used 8867K [0x000000076b400000, 0x000000077e900000, 0x00000007c0000000)
  eden space 131072K, 0% used [0x000000076b400000,0x000000076b400000,0x0000000773400000)
  from space 10752K, 82% used [0x0000000773400000,0x0000000773ca8c28,0x0000000773e80000)
  to   space 27136K, 0% used [0x000000077ce80000,0x000000077ce80000,0x000000077e900000)
 ParOldGen       total 175104K, used 24188K [0x00000006c1c00000, 0x00000006cc700000, 0x000000076b400000)
  object space 175104K, 13% used [0x00000006c1c00000,0x00000006c339f0a8,0x00000006cc700000)
 Metaspace       used 20954K, capacity 21168K, committed 21248K, reserved 1067008K
  class space    used 2975K, capacity 3048K, committed 3072K, reserved 1048576K
Event: 4.263 GC heap after
Heap after GC invocations=6 (full 1):
 PSYoungGen      total 141824K, used 0K [0x000000076b400000, 0x000000077e900000, 0x00000007c0000000)
  eden space 131072K, 0% used [0x000000076b400000,0x000000076b400000,0x0000000773400000)
  from space 10752K, 0% used [0x0000000773400000,0x0000000773400000,0x0000000773e80000)
  to   space 27136K, 0% used [0x000000077ce80000,0x000000077ce80000,0x000000077e900000)
 ParOldGen       total 142336K, used 29347K [0x00000006c1c00000, 0x00000006ca700000, 0x000000076b400000)
  object space 142336K, 20% used [0x00000006c1c00000,0x00000006c38a8e90,0x00000006ca700000)
 Metaspace       used 20954K, capacity 21168K, committed 21248K, reserved 1067008K
  class space    used 2975K, capacity 3048K, committed 3072K, reserved 1048576K
}
Event: 5.080 GC heap before
{Heap before GC invocations=7 (full 1):
 PSYoungGen      total 141824K, used 131072K [0x000000076b400000, 0x000000077e900000, 0x00000007c0000000)
  eden space 131072K, 100% used [0x000000076b400000,0x0000000773400000,0x0000000773400000)
  from space 10752K, 0% used [0x0000000773400000,0x0000000773400000,0x0000000773e80000)
  to   space 27136K, 0% used [0x000000077ce80000,0x000000077ce80000,0x000000077e900000)
 ParOldGen       total 142336K, used 29347K [0x00000006c1c00000, 0x00000006ca700000, 0x000000076b400000)
  object space 142336K, 20% used [0x00000006c1c00000,0x00000006c38a8e90,0x00000006ca700000)
 Metaspace       used 26096K, capacity 26526K, committed 26624K, reserved 1071104K
  class space    used 3978K, capacity 4087K, committed 4096K, reserved 1048576K
Event: 5.085 GC heap after
Heap after GC invocations=7 (full 1):
 PSYoungGen      total 199168K, used 5728K [0x000000076b400000, 0x000000077d480000, 0x00000007c0000000)
  eden space 193024K, 0% used [0x000000076b400000,0x000000076b400000,0x0000000777080000)
  from space 6144K, 93% used [0x000000077ce80000,0x000000077d418348,0x000000077d480000)
  to   space 27136K, 0% used [0x0000000779f80000,0x0000000779f80000,0x000000077ba00000)
 ParOldGen       total 142336K, used 29355K [0x00000006c1c00000, 0x00000006ca700000, 0x000000076b400000)
  object space 142336K, 20% used [0x00000006c1c00000,0x00000006c38aae90,0x00000006ca700000)
 Metaspace       used 26096K, capacity 26526K, committed 26624K, reserved 1071104K
  class space    used 3978K, capacity 4087K, committed 4096K, reserved 1048576K
}
Event: 6.385 GC heap before
{Heap before GC invocations=8 (full 1):
 PSYoungGen      total 199168K, used 198752K [0x000000076b400000, 0x000000077d480000, 0x00000007c0000000)
  eden space 193024K, 100% used [0x000000076b400000,0x0000000777080000,0x0000000777080000)
  from space 6144K, 93% used [0x000000077ce80000,0x000000077d418348,0x000000077d480000)
  to   space 27136K, 0% used [0x0000000779f80000,0x0000000779f80000,0x000000077ba00000)
 ParOldGen       total 142336K, used 29355K [0x00000006c1c00000, 0x00000006ca700000, 0x000000076b400000)
  object space 142336K, 20% used [0x00000006c1c00000,0x00000006c38aae90,0x00000006ca700000)
 Metaspace       used 32120K, capacity 32514K, committed 32768K, reserved 1077248K
  class space    used 4976K, capacity 5081K, committed 5120K, reserved 1048576K
Event: 6.391 GC heap after
Heap after GC invocations=8 (full 1):
 PSYoungGen      total 268288K, used 8407K [0x000000076b400000, 0x000000077f500000, 0x00000007c0000000)
  eden space 241152K, 0% used [0x000000076b400000,0x000000076b400000,0x0000000779f80000)
  from space 27136K, 30% used [0x0000000779f80000,0x000000077a7b5c80,0x000000077ba00000)
  to   space 26112K, 0% used [0x000000077db80000,0x000000077db80000,0x000000077f500000)
 ParOldGen       total 142336K, used 29363K [0x00000006c1c00000, 0x00000006ca700000, 0x000000076b400000)
  object space 142336K, 20% used [0x00000006c1c00000,0x00000006c38ace90,0x00000006ca700000)
 Metaspace       used 32120K, capacity 32514K, committed 32768K, reserved 1077248K
  class space    used 4976K, capacity 5081K, committed 5120K, reserved 1048576K
}
Event: 7.406 GC heap before
{Heap before GC invocations=9 (full 1):
 PSYoungGen      total 268288K, used 249559K [0x000000076b400000, 0x000000077f500000, 0x00000007c0000000)
  eden space 241152K, 100% used [0x000000076b400000,0x0000000779f80000,0x0000000779f80000)
  from space 27136K, 30% used [0x0000000779f80000,0x000000077a7b5c80,0x000000077ba00000)
  to   space 26112K, 0% used [0x000000077db80000,0x000000077db80000,0x000000077f500000)
 ParOldGen       total 142336K, used 29363K [0x00000006c1c00000, 0x00000006ca700000, 0x000000076b400000)
  object space 142336K, 20% used [0x00000006c1c00000,0x00000006c38ace90,0x00000006ca700000)
 Metaspace       used 34399K, capacity 34786K, committed 35072K, reserved 1079296K
  class space    used 5195K, capacity 5305K, committed 5376K, reserved 1048576K
Event: 7.409 GC heap after
Heap after GC invocations=9 (full 1):
 PSYoungGen      total 302592K, used 4026K [0x000000076b400000, 0x0000000782d00000, 0x00000007c0000000)
  eden space 276480K, 0% used [0x000000076b400000,0x000000076b400000,0x000000077c200000)
  from space 26112K, 15% used [0x000000077db80000,0x000000077df6e9a0,0x000000077f500000)
  to   space 26112K, 0% used [0x000000077c200000,0x000000077c200000,0x000000077db80000)
 ParOldGen       total 142336K, used 29371K [0x00000006c1c00000, 0x00000006ca700000, 0x000000076b400000)
  object space 142336K, 20% used [0x00000006c1c00000,0x00000006c38aee90,0x00000006ca700000)
 Metaspace       used 34399K, capacity 34786K, committed 35072K, reserved 1079296K
  class space    used 5195K, capacity 5305K, committed 5376K, reserved 1048576K
}

