# JRE version: Java(TM) SE Runtime Environment (8.0_221-b11) (build 1.8.0_221-b11)
# Java VM: Java HotSpot(TM) 64-Bit Server VM (25.221-b11 mixed mode windows-amd64 compressed oops)
Heap:
 PSYoungGen      total 300544K, used 46283K [0x000000076b400000, 0x0000000782c80000, 0x00000007c0000000)
  eden space 274944K, 15% used [0x000000076b400000,0x000000076dd47138,0x000000077c080000)
  from space 25600K, 15% used [0x000000077da80000,0x000000077de6bb38,0x000000077f380000)
  to   space 26624K, 0% used [0x000000077c080000,0x000000077c080000,0x000000077da80000)
 ParOldGen       total 139776K, used 29312K [0x00000006c1c00000, 0x00000006ca480000, 0x000000076b400000)
  object space 139776K, 20% used [0x00000006c1c00000,0x00000006c38a0268,0x00000006ca480000)
 Metaspace       used 34505K, capacity 34850K, committed 35072K, reserved 1079296K
  class space    used 5204K, capacity 5305K, committed 5376K, reserved 1048576K
GC Heap History (10 events):
Event: 4.216 GC heap before
{Heap before GC invocations=5 (full 0):
 PSYoungGen      total 141824K, used 121180K [0x000000076b400000, 0x0000000774900000, 0x00000007c0000000)
  eden space 131072K, 84% used [0x000000076b400000,0x0000000771fdd4a0,0x0000000773400000)
  from space 10752K, 99% used [0x0000000773e80000,0x00000007748f9ed0,0x0000000774900000)
  to   space 10752K, 0% used [0x0000000773400000,0x0000000773400000,0x0000000773e80000)
 ParOldGen       total 175104K, used 25959K [0x00000006c1c00000, 0x00000006cc700000, 0x000000076b400000)
  object space 175104K, 14% used [0x00000006c1c00000,0x00000006c3559c80,0x00000006cc700000)
 Metaspace       used 20947K, capacity 21168K, committed 21248K, reserved 1067008K
  class space    used 2976K, capacity 3048K, committed 3072K, reserved 1048576K
Event: 4.228 GC heap after
Heap after GC invocations=5 (full 0):
 PSYoungGen      total 141824K, used 10735K [0x000000076b400000, 0x000000077e300000, 0x00000007c0000000)
  eden space 131072K, 0% used [0x000000076b400000,0x000000076b400000,0x0000000773400000)
  from space 10752K, 99% used [0x0000000773400000,0x0000000773e7bd48,0x0000000773e80000)
  to   space 24064K, 0% used [0x000000077cb80000,0x000000077cb80000,0x000000077e300000)
 ParOldGen       total 175104K, used 31096K [0x00000006c1c00000, 0x00000006cc700000, 0x000000076b400000)
  object space 175104K, 17% used [0x00000006c1c00000,0x00000006c3a5e038,0x00000006cc700000)
 Metaspace       used 20947K, capacity 21168K, committed 21248K, reserved 1067008K
  class space    used 2976K, capacity 3048K, committed 3072K, reserved 1048576K
}
Event: 4.228 GC heap before
{Heap before GC invocations=6 (full 1):
 PSYoungGen      total 141824K, used 10735K [0x000000076b400000, 0x000000077e300000, 0x00000007c0000000)
  eden space 131072K, 0% used [0x000000076b400000,0x000000076b400000,0x0000000773400000)
  from space 10752K, 99% used [0x0000000773400000,0x0000000773e7bd48,0x0000000773e80000)
  to   space 24064K, 0% used [0x000000077cb80000,0x000000077cb80000,0x000000077e300000)
 ParOldGen       total 175104K, used 31096K [0x00000006c1c00000, 0x00000006cc700000, 0x000000076b400000)
  object space 175104K, 17% used [0x00000006c1c00000,0x00000006c3a5e038,0x00000006cc700000)
 Metaspace       used 20947K, capacity 21168K, committed 21248K, reserved 1067008K
  class space    used 2976K, capacity 3048K, committed 3072K, reserved 1048576K
Event: 4.286 GC heap after
Heap after GC invocations=6 (full 1):
 PSYoungGen      total 141824K, used 0K [0x000000076b400000, 0x000000077e300000, 0x00000007c0000000)
  eden space 131072K, 0% used [0x000000076b400000,0x000000076b400000,0x0000000773400000)
  from space 10752K, 0% used [0x0000000773400000,0x0000000773400000,0x0000000773e80000)
  to   space 24064K, 0% used [0x000000077cb80000,0x000000077cb80000,0x000000077e300000)
 ParOldGen       total 139776K, used 29288K [0x00000006c1c00000, 0x00000006ca480000, 0x000000076b400000)
  object space 139776K, 20% used [0x00000006c1c00000,0x00000006c389a268,0x00000006ca480000)
 Metaspace       used 20947K, capacity 21168K, committed 21248K, reserved 1067008K
  class space    used 2976K, capacity 3048K, committed 3072K, reserved 1048576K
}
Event: 5.196 GC heap before
{Heap before GC invocations=7 (full 1):
 PSYoungGen      total 141824K, used 131072K [0x000000076b400000, 0x000000077e300000, 0x00000007c0000000)
  eden space 131072K, 100% used [0x000000076b400000,0x0000000773400000,0x0000000773400000)
  from space 10752K, 0% used [0x0000000773400000,0x0000000773400000,0x0000000773e80000)
  to   space 24064K, 0% used [0x000000077cb80000,0x000000077cb80000,0x000000077e300000)
 ParOldGen       total 139776K, used 29288K [0x00000006c1c00000, 0x00000006ca480000, 0x000000076b400000)
  object space 139776K, 20% used [0x00000006c1c00000,0x00000006c389a268,0x00000006ca480000)
 Metaspace       used 26115K, capacity 26494K, committed 26752K, reserved 1071104K
  class space    used 3977K, capacity 4119K, committed 4224K, reserved 1048576K
Event: 5.200 GC heap after
Heap after GC invocations=7 (full 1):
 PSYoungGen      total 198656K, used 5619K [0x000000076b400000, 0x000000077d100000, 0x00000007c0000000)
  eden space 193024K, 0% used [0x000000076b400000,0x000000076b400000,0x0000000777080000)
  from space 5632K, 99% used [0x000000077cb80000,0x000000077d0fcff8,0x000000077d100000)
  to   space 25600K, 0% used [0x0000000779f00000,0x0000000779f00000,0x000000077b800000)
 ParOldGen       total 139776K, used 29296K [0x00000006c1c00000, 0x00000006ca480000, 0x000000076b400000)
  object space 139776K, 20% used [0x00000006c1c00000,0x00000006c389c268,0x00000006ca480000)
 Metaspace       used 26115K, capacity 26494K, committed 26752K, reserved 1071104K
  class space    used 3977K, capacity 4119K, committed 4224K, reserved 1048576K
}
Event: 6.519 GC heap before
{Heap before GC invocations=8 (full 1):
 PSYoungGen      total 198656K, used 198643K [0x000000076b400000, 0x000000077d100000, 0x00000007c0000000)
  eden space 193024K, 100% used [0x000000076b400000,0x0000000777080000,0x0000000777080000)
  from space 5632K, 99% used [0x000000077cb80000,0x000000077d0fcff8,0x000000077d100000)
  to   space 25600K, 0% used [0x0000000779f00000,0x0000000779f00000,0x000000077b800000)
 ParOldGen       total 139776K, used 29296K [0x00000006c1c00000, 0x00000006ca480000, 0x000000076b400000)
  object space 139776K, 20% used [0x00000006c1c00000,0x00000006c389c268,0x00000006ca480000)
 Metaspace       used 32249K, capacity 32674K, committed 33024K, reserved 1077248K
  class space    used 4999K, capacity 5113K, committed 5120K, reserved 1048576K
Event: 6.525 GC heap after
Heap after GC invocations=8 (full 1):
 PSYoungGen      total 266240K, used 8432K [0x000000076b400000, 0x000000077f380000, 0x00000007c0000000)
  eden space 240640K, 0% used [0x000000076b400000,0x000000076b400000,0x0000000779f00000)
  from space 25600K, 32% used [0x0000000779f00000,0x000000077a73c130,0x000000077b800000)
  to   space 25600K, 0% used [0x000000077da80000,0x000000077da80000,0x000000077f380000)
 ParOldGen       total 139776K, used 29304K [0x00000006c1c00000, 0x00000006ca480000, 0x000000076b400000)
  object space 139776K, 20% used [0x00000006c1c00000,0x00000006c389e268,0x00000006ca480000)
 Metaspace       used 32249K, capacity 32674K, committed 33024K, reserved 1077248K
  class space    used 4999K, capacity 5113K, committed 5120K, reserved 1048576K
}
Event: 7.615 GC heap before
{Heap before GC invocations=9 (full 1):
 PSYoungGen      total 266240K, used 249072K [0x000000076b400000, 0x000000077f380000, 0x00000007c0000000)
  eden space 240640K, 100% used [0x000000076b400000,0x0000000779f00000,0x0000000779f00000)
  from space 25600K, 32% used [0x0000000779f00000,0x000000077a73c130,0x000000077b800000)
  to   space 25600K, 0% used [0x000000077da80000,0x000000077da80000,0x000000077f380000)
 ParOldGen       total 139776K, used 29304K [0x00000006c1c00000, 0x00000006ca480000, 0x000000076b400000)
  object space 139776K, 20% used [0x00000006c1c00000,0x00000006c389e268,0x00000006ca480000)
 Metaspace       used 34452K, capacity 34786K, committed 35072K, reserved 1079296K
  class space    used 5200K, capacity 5305K, committed 5376K, reserved 1048576K
Event: 7.618 GC heap after
Heap after GC invocations=9 (full 1):
 PSYoungGen      total 300544K, used 4014K [0x000000076b400000, 0x0000000782c80000, 0x00000007c0000000)
  eden space 274944K, 0% used [0x000000076b400000,0x000000076b400000,0x000000077c080000)
  from space 25600K, 15% used [0x000000077da80000,0x000000077de6bb38,0x000000077f380000)
  to   space 26624K, 0% used [0x000000077c080000,0x000000077c080000,0x000000077da80000)
 ParOldGen       total 139776K, used 29312K [0x00000006c1c00000, 0x00000006ca480000, 0x000000076b400000)
  object space 139776K, 20% used [0x00000006c1c00000,0x00000006c38a0268,0x00000006ca480000)
 Metaspace       used 34452K, capacity 34786K, committed 35072K, reserved 1079296K
  class space    used 5200K, capacity 5305K, committed 5376K, reserved 1048576K
}

