# JRE version: Java(TM) SE Runtime Environment (8.0_221-b11) (build 1.8.0_221-b11)
# Java VM: Java HotSpot(TM) 64-Bit Server VM (25.221-b11 mixed mode windows-amd64 compressed oops)
Heap:
 PSYoungGen      total 309248K, used 45375K [0x000000076b400000, 0x0000000783080000, 0x00000007c0000000)
  eden space 283648K, 14% used [0x000000076b400000,0x000000076dc6c138,0x000000077c900000)
  from space 25600K, 15% used [0x000000077e280000,0x000000077e663b38,0x000000077fb80000)
  to   space 26112K, 0% used [0x000000077c900000,0x000000077c900000,0x000000077e280000)
 ParOldGen       total 138752K, used 29312K [0x00000006c1c00000, 0x00000006ca380000, 0x000000076b400000)
  object space 138752K, 21% used [0x00000006c1c00000,0x00000006c38a0150,0x00000006ca380000)
 Metaspace       used 34504K, capacity 34850K, committed 35072K, reserved 1079296K
  class space    used 5203K, capacity 5305K, committed 5376K, reserved 1048576K
GC Heap History (10 events):
Event: 16.051 GC heap before
{Heap before GC invocations=5 (full 0):
 PSYoungGen      total 141824K, used 120016K [0x000000076b400000, 0x0000000774900000, 0x00000007c0000000)
  eden space 131072K, 83% used [0x000000076b400000,0x0000000771eb63d0,0x0000000773400000)
  from space 10752K, 99% used [0x0000000773e80000,0x00000007748fdec0,0x0000000774900000)
  to   space 10752K, 0% used [0x0000000773400000,0x0000000773400000,0x0000000773e80000)
 ParOldGen       total 175104K, used 25362K [0x00000006c1c00000, 0x00000006cc700000, 0x000000076b400000)
  object space 175104K, 14% used [0x00000006c1c00000,0x00000006c34c4950,0x00000006cc700000)
 Metaspace       used 20961K, capacity 21168K, committed 21248K, reserved 1067008K
  class space    used 2978K, capacity 3048K, committed 3072K, reserved 1048576K
Event: 16.090 GC heap after
Heap after GC invocations=5 (full 0):
 PSYoungGen      total 141824K, used 10735K [0x000000076b400000, 0x000000077e300000, 0x00000007c0000000)
  eden space 131072K, 0% used [0x000000076b400000,0x000000076b400000,0x0000000773400000)
  from space 10752K, 99% used [0x0000000773400000,0x0000000773e7bd28,0x0000000773e80000)
  to   space 24064K, 0% used [0x000000077cb80000,0x000000077cb80000,0x000000077e300000)
 ParOldGen       total 175104K, used 30503K [0x00000006c1c00000, 0x00000006cc700000, 0x000000076b400000)
  object space 175104K, 17% used [0x00000006c1c00000,0x00000006c39c9c28,0x00000006cc700000)
 Metaspace       used 20961K, capacity 21168K, committed 21248K, reserved 1067008K
  class space    used 2978K, capacity 3048K, committed 3072K, reserved 1048576K
}
Event: 16.090 GC heap before
{Heap before GC invocations=6 (full 1):
 PSYoungGen      total 141824K, used 10735K [0x000000076b400000, 0x000000077e300000, 0x00000007c0000000)
  eden space 131072K, 0% used [0x000000076b400000,0x000000076b400000,0x0000000773400000)
  from space 10752K, 99% used [0x0000000773400000,0x0000000773e7bd28,0x0000000773e80000)
  to   space 24064K, 0% used [0x000000077cb80000,0x000000077cb80000,0x000000077e300000)
 ParOldGen       total 175104K, used 30503K [0x00000006c1c00000, 0x00000006cc700000, 0x000000076b400000)
  object space 175104K, 17% used [0x00000006c1c00000,0x00000006c39c9c28,0x00000006cc700000)
 Metaspace       used 20961K, capacity 21168K, committed 21248K, reserved 1067008K
  class space    used 2978K, capacity 3048K, committed 3072K, reserved 1048576K
Event: 16.277 GC heap after
Heap after GC invocations=6 (full 1):
 PSYoungGen      total 141824K, used 0K [0x000000076b400000, 0x000000077e300000, 0x00000007c0000000)
  eden space 131072K, 0% used [0x000000076b400000,0x000000076b400000,0x0000000773400000)
  from space 10752K, 0% used [0x0000000773400000,0x0000000773400000,0x0000000773e80000)
  to   space 24064K, 0% used [0x000000077cb80000,0x000000077cb80000,0x000000077e300000)
 ParOldGen       total 138752K, used 29288K [0x00000006c1c00000, 0x00000006ca380000, 0x000000076b400000)
  object space 138752K, 21% used [0x00000006c1c00000,0x00000006c389a150,0x00000006ca380000)
 Metaspace       used 20961K, capacity 21168K, committed 21248K, reserved 1067008K
  class space    used 2978K, capacity 3048K, committed 3072K, reserved 1048576K
}
Event: 19.314 GC heap before
{Heap before GC invocations=7 (full 1):
 PSYoungGen      total 141824K, used 131072K [0x000000076b400000, 0x000000077e300000, 0x00000007c0000000)
  eden space 131072K, 100% used [0x000000076b400000,0x0000000773400000,0x0000000773400000)
  from space 10752K, 0% used [0x0000000773400000,0x0000000773400000,0x0000000773e80000)
  to   space 24064K, 0% used [0x000000077cb80000,0x000000077cb80000,0x000000077e300000)
 ParOldGen       total 138752K, used 29288K [0x00000006c1c00000, 0x00000006ca380000, 0x000000076b400000)
  object space 138752K, 21% used [0x00000006c1c00000,0x00000006c389a150,0x00000006ca380000)
 Metaspace       used 26232K, capacity 26622K, committed 27008K, reserved 1073152K
  class space    used 3992K, capacity 4119K, committed 4224K, reserved 1048576K
Event: 19.327 GC heap after
Heap after GC invocations=7 (full 1):
 PSYoungGen      total 201728K, used 5788K [0x000000076b400000, 0x000000077d180000, 0x00000007c0000000)
  eden space 195584K, 0% used [0x000000076b400000,0x000000076b400000,0x0000000777300000)
  from space 6144K, 94% used [0x000000077cb80000,0x000000077d1272e0,0x000000077d180000)
  to   space 25600K, 0% used [0x0000000779f80000,0x0000000779f80000,0x000000077b880000)
 ParOldGen       total 138752K, used 29296K [0x00000006c1c00000, 0x00000006ca380000, 0x000000076b400000)
  object space 138752K, 21% used [0x00000006c1c00000,0x00000006c389c150,0x00000006ca380000)
 Metaspace       used 26232K, capacity 26622K, committed 27008K, reserved 1073152K
  class space    used 3992K, capacity 4119K, committed 4224K, reserved 1048576K
}
Event: 23.565 GC heap before
{Heap before GC invocations=8 (full 1):
 PSYoungGen      total 201728K, used 201372K [0x000000076b400000, 0x000000077d180000, 0x00000007c0000000)
  eden space 195584K, 100% used [0x000000076b400000,0x0000000777300000,0x0000000777300000)
  from space 6144K, 94% used [0x000000077cb80000,0x000000077d1272e0,0x000000077d180000)
  to   space 25600K, 0% used [0x0000000779f80000,0x0000000779f80000,0x000000077b880000)
 ParOldGen       total 138752K, used 29296K [0x00000006c1c00000, 0x00000006ca380000, 0x000000076b400000)
  object space 138752K, 21% used [0x00000006c1c00000,0x00000006c389c150,0x00000006ca380000)
 Metaspace       used 32770K, capacity 33186K, committed 33536K, reserved 1077248K
  class space    used 5004K, capacity 5113K, committed 5120K, reserved 1048576K
Event: 23.585 GC heap after
Heap after GC invocations=8 (full 1):
 PSYoungGen      total 266752K, used 8392K [0x000000076b400000, 0x000000077fb80000, 0x00000007c0000000)
  eden space 241152K, 0% used [0x000000076b400000,0x000000076b400000,0x0000000779f80000)
  from space 25600K, 32% used [0x0000000779f80000,0x000000077a7b22c0,0x000000077b880000)
  to   space 25600K, 0% used [0x000000077e280000,0x000000077e280000,0x000000077fb80000)
 ParOldGen       total 138752K, used 29304K [0x00000006c1c00000, 0x00000006ca380000, 0x000000076b400000)
  object space 138752K, 21% used [0x00000006c1c00000,0x00000006c389e150,0x00000006ca380000)
 Metaspace       used 32770K, capacity 33186K, committed 33536K, reserved 1077248K
  class space    used 5004K, capacity 5113K, committed 5120K, reserved 1048576K
}
Event: 27.573 GC heap before
{Heap before GC invocations=9 (full 1):
 PSYoungGen      total 266752K, used 249544K [0x000000076b400000, 0x000000077fb80000, 0x00000007c0000000)
  eden space 241152K, 100% used [0x000000076b400000,0x0000000779f80000,0x0000000779f80000)
  from space 25600K, 32% used [0x0000000779f80000,0x000000077a7b22c0,0x000000077b880000)
  to   space 25600K, 0% used [0x000000077e280000,0x000000077e280000,0x000000077fb80000)
 ParOldGen       total 138752K, used 29304K [0x00000006c1c00000, 0x00000006ca380000, 0x000000076b400000)
  object space 138752K, 21% used [0x00000006c1c00000,0x00000006c389e150,0x00000006ca380000)
 Metaspace       used 34449K, capacity 34786K, committed 35072K, reserved 1079296K
  class space    used 5199K, capacity 5305K, committed 5376K, reserved 1048576K
Event: 27.582 GC heap after
Heap after GC invocations=9 (full 1):
 PSYoungGen      total 309248K, used 3982K [0x000000076b400000, 0x0000000783080000, 0x00000007c0000000)
  eden space 283648K, 0% used [0x000000076b400000,0x000000076b400000,0x000000077c900000)
  from space 25600K, 15% used [0x000000077e280000,0x000000077e663b38,0x000000077fb80000)
  to   space 26112K, 0% used [0x000000077c900000,0x000000077c900000,0x000000077e280000)
 ParOldGen       total 138752K, used 29312K [0x00000006c1c00000, 0x00000006ca380000, 0x000000076b400000)
  object space 138752K, 21% used [0x00000006c1c00000,0x00000006c38a0150,0x00000006ca380000)
 Metaspace       used 34449K, capacity 34786K, committed 35072K, reserved 1079296K
  class space    used 5199K, capacity 5305K, committed 5376K, reserved 1048576K
}

